{"/home/travis/build/npmtest/node-npmtest-slimerjs/test.js":{"path":"/home/travis/build/npmtest/node-npmtest-slimerjs/test.js","s":{"1":2,"2":2,"3":2,"4":2,"5":2,"6":2,"7":2,"8":1,"9":2,"10":2,"11":1,"12":1,"13":1,"14":1,"15":2,"16":2,"17":2,"18":2,"19":1,"20":1,"21":2,"22":2,"23":2,"24":1,"25":1,"26":1,"27":1,"28":1,"29":1,"30":1,"31":1,"32":1,"33":1,"34":1,"35":1,"36":1,"37":1,"38":1,"39":2,"40":2,"41":1,"42":2,"43":2,"44":1,"45":2,"46":2,"47":1,"48":2,"49":2,"50":1,"51":1,"52":1,"53":1,"54":1},"b":{"1":[2,1,1,1],"2":[1,1,1,1],"3":[1,1],"4":[1,1],"5":[1,1],"6":[1,1],"7":[1,1],"8":[1,1],"9":[1,1],"10":[1,1,1],"11":[1,1],"12":[1,1],"13":[1,1],"14":[1,1],"15":[1,1],"16":[1,1],"17":[1,1]},"f":{"1":2,"2":2,"3":2,"4":2,"5":2,"6":1,"7":1,"8":1,"9":2,"10":2,"11":2,"12":2,"13":1},"fnMap":{"1":{"name":"(anonymous_1)","line":12,"loc":{"start":{"line":12,"column":1},"end":{"line":12,"column":13}}},"2":{"name":"(anonymous_2)","line":19,"loc":{"start":{"line":19,"column":5},"end":{"line":19,"column":17}}},"3":{"name":"(anonymous_3)","line":23,"loc":{"start":{"line":23,"column":24},"end":{"line":23,"column":36}}},"4":{"name":"(anonymous_4)","line":61,"loc":{"start":{"line":61,"column":5},"end":{"line":61,"column":17}}},"5":{"name":"(anonymous_5)","line":82,"loc":{"start":{"line":82,"column":5},"end":{"line":82,"column":17}}},"6":{"name":"(anonymous_6)","line":91,"loc":{"start":{"line":91,"column":77},"end":{"line":94,"column":10}}},"7":{"name":"(anonymous_7)","line":112,"loc":{"start":{"line":112,"column":83},"end":{"line":115,"column":10}},"skip":true},"8":{"name":"(anonymous_8)","line":123,"loc":{"start":{"line":123,"column":77},"end":{"line":126,"column":10}},"skip":true},"9":{"name":"(anonymous_9)","line":139,"loc":{"start":{"line":139,"column":12},"end":{"line":139,"column":40}},"skip":true},"10":{"name":"(anonymous_10)","line":147,"loc":{"start":{"line":147,"column":77},"end":{"line":150,"column":10}},"skip":true},"11":{"name":"(anonymous_11)","line":158,"loc":{"start":{"line":158,"column":83},"end":{"line":161,"column":10}},"skip":true},"12":{"name":"(anonymous_12)","line":169,"loc":{"start":{"line":169,"column":79},"end":{"line":172,"column":10}},"skip":true},"13":{"name":"(anonymous_13)","line":180,"loc":{"start":{"line":180,"column":75},"end":{"line":183,"column":10}},"skip":true}},"statementMap":{"1":{"start":{"line":12,"column":0},"end":{"line":195,"column":5}},"2":{"start":{"line":14,"column":4},"end":{"line":14,"column":14}},"3":{"start":{"line":19,"column":4},"end":{"line":56,"column":9}},"4":{"start":{"line":21,"column":8},"end":{"line":21,"column":19}},"5":{"start":{"line":23,"column":8},"end":{"line":35,"column":13}},"6":{"start":{"line":24,"column":12},"end":{"line":34,"column":13}},"7":{"start":{"line":25,"column":16},"end":{"line":28,"column":30}},"8":{"start":{"line":30,"column":16},"end":{"line":33,"column":27}},"9":{"start":{"line":37,"column":8},"end":{"line":39,"column":21}},"10":{"start":{"line":40,"column":8},"end":{"line":53,"column":9}},"11":{"start":{"line":43,"column":12},"end":{"line":46,"column":14}},"12":{"start":{"line":47,"column":12},"end":{"line":47,"column":18}},"13":{"start":{"line":50,"column":12},"end":{"line":51,"column":33}},"14":{"start":{"line":52,"column":12},"end":{"line":52,"column":18}},"15":{"start":{"line":55,"column":8},"end":{"line":55,"column":35}},"16":{"start":{"line":61,"column":4},"end":{"line":63,"column":9}},"17":{"start":{"line":62,"column":8},"end":{"line":62,"column":15}},"18":{"start":{"line":64,"column":4},"end":{"line":77,"column":5}},"19":{"start":{"line":70,"column":8},"end":{"line":70,"column":14}},"20":{"start":{"line":76,"column":8},"end":{"line":76,"column":14}},"21":{"start":{"line":82,"column":4},"end":{"line":84,"column":9}},"22":{"start":{"line":83,"column":8},"end":{"line":83,"column":15}},"23":{"start":{"line":85,"column":4},"end":{"line":194,"column":5}},"24":{"start":{"line":91,"column":8},"end":{"line":99,"column":10}},"25":{"start":{"line":98,"column":12},"end":{"line":98,"column":35}},"26":{"start":{"line":102,"column":8},"end":{"line":104,"column":63}},"27":{"start":{"line":105,"column":8},"end":{"line":105,"column":14}},"28":{"start":{"line":112,"column":8},"end":{"line":121,"column":10},"skip":true},"29":{"start":{"line":119,"column":12},"end":{"line":119,"column":55},"skip":true},"30":{"start":{"line":120,"column":12},"end":{"line":120,"column":48},"skip":true},"31":{"start":{"line":123,"column":8},"end":{"line":136,"column":10},"skip":true},"32":{"start":{"line":130,"column":12},"end":{"line":130,"column":76},"skip":true},"33":{"start":{"line":131,"column":12},"end":{"line":131,"column":73},"skip":true},"34":{"start":{"line":132,"column":12},"end":{"line":132,"column":74},"skip":true},"35":{"start":{"line":133,"column":12},"end":{"line":133,"column":79},"skip":true},"36":{"start":{"line":134,"column":12},"end":{"line":134,"column":25},"skip":true},"37":{"start":{"line":135,"column":12},"end":{"line":135,"column":45},"skip":true},"38":{"start":{"line":138,"column":8},"end":{"line":145,"column":14},"skip":true},"39":{"start":{"line":143,"column":16},"end":{"line":143,"column":29},"skip":true},"40":{"start":{"line":144,"column":16},"end":{"line":144,"column":55},"skip":true},"41":{"start":{"line":147,"column":8},"end":{"line":156,"column":10},"skip":true},"42":{"start":{"line":154,"column":12},"end":{"line":154,"column":25},"skip":true},"43":{"start":{"line":155,"column":12},"end":{"line":155,"column":45},"skip":true},"44":{"start":{"line":158,"column":8},"end":{"line":167,"column":10},"skip":true},"45":{"start":{"line":165,"column":12},"end":{"line":165,"column":25},"skip":true},"46":{"start":{"line":166,"column":12},"end":{"line":166,"column":48},"skip":true},"47":{"start":{"line":169,"column":8},"end":{"line":178,"column":10},"skip":true},"48":{"start":{"line":176,"column":12},"end":{"line":176,"column":25},"skip":true},"49":{"start":{"line":177,"column":12},"end":{"line":177,"column":46},"skip":true},"50":{"start":{"line":180,"column":8},"end":{"line":189,"column":10},"skip":true},"51":{"start":{"line":187,"column":12},"end":{"line":187,"column":94},"skip":true},"52":{"start":{"line":188,"column":12},"end":{"line":188,"column":48},"skip":true},"53":{"start":{"line":192,"column":8},"end":{"line":192,"column":35},"skip":true},"54":{"start":{"line":193,"column":8},"end":{"line":193,"column":14},"skip":true}},"branchMap":{"1":{"line":25,"type":"binary-expr","locations":[{"start":{"line":25,"column":23},"end":{"line":25,"column":62}},{"start":{"line":26,"column":20},"end":{"line":26,"column":70}},{"start":{"line":27,"column":20},"end":{"line":27,"column":71}},{"start":{"line":28,"column":20},"end":{"line":28,"column":29}}]},"2":{"line":30,"type":"binary-expr","locations":[{"start":{"line":30,"column":23},"end":{"line":30,"column":37}},{"start":{"line":31,"column":20},"end":{"line":31,"column":61}},{"start":{"line":32,"column":20},"end":{"line":32,"column":70}},{"start":{"line":33,"column":20},"end":{"line":33,"column":26}}]},"3":{"line":37,"type":"cond-expr","locations":[{"start":{"line":38,"column":14},"end":{"line":38,"column":20}},{"start":{"line":39,"column":14},"end":{"line":39,"column":20}}]},"4":{"line":40,"type":"switch","locations":[{"start":{"line":42,"column":8},"end":{"line":47,"column":18}},{"start":{"line":49,"column":8},"end":{"line":52,"column":18}}]},"5":{"line":44,"type":"binary-expr","locations":[{"start":{"line":44,"column":16},"end":{"line":44,"column":44}},{"start":{"line":44,"column":48},"end":{"line":44,"column":66}}]},"6":{"line":50,"type":"binary-expr","locations":[{"start":{"line":50,"column":21},"end":{"line":50,"column":49}},{"start":{"line":50,"column":53},"end":{"line":50,"column":72}}]},"7":{"line":64,"type":"switch","locations":[{"start":{"line":69,"column":4},"end":{"line":70,"column":14}},{"start":{"line":75,"column":4},"end":{"line":76,"column":14}}]},"8":{"line":85,"type":"switch","locations":[{"start":{"line":90,"column":4},"end":{"line":105,"column":14}},{"start":{"line":111,"column":4},"end":{"line":193,"column":14},"skip":true}]},"9":{"line":91,"type":"binary-expr","locations":[{"start":{"line":91,"column":42},"end":{"line":91,"column":73}},{"start":{"line":91,"column":77},"end":{"line":99,"column":9}}]},"10":{"line":102,"type":"binary-expr","locations":[{"start":{"line":102,"column":18},"end":{"line":102,"column":32}},{"start":{"line":103,"column":12},"end":{"line":103,"column":53}},{"start":{"line":104,"column":12},"end":{"line":104,"column":61}}]},"11":{"line":112,"type":"binary-expr","locations":[{"start":{"line":112,"column":45},"end":{"line":112,"column":79},"skip":true},{"start":{"line":112,"column":83},"end":{"line":121,"column":9},"skip":true}]},"12":{"line":123,"type":"binary-expr","locations":[{"start":{"line":123,"column":42},"end":{"line":123,"column":73},"skip":true},{"start":{"line":123,"column":77},"end":{"line":136,"column":9},"skip":true}]},"13":{"line":138,"type":"binary-expr","locations":[{"start":{"line":138,"column":48},"end":{"line":138,"column":85},"skip":true},{"start":{"line":139,"column":12},"end":{"line":145,"column":13},"skip":true}]},"14":{"line":147,"type":"binary-expr","locations":[{"start":{"line":147,"column":42},"end":{"line":147,"column":73},"skip":true},{"start":{"line":147,"column":77},"end":{"line":156,"column":9},"skip":true}]},"15":{"line":158,"type":"binary-expr","locations":[{"start":{"line":158,"column":45},"end":{"line":158,"column":79},"skip":true},{"start":{"line":158,"column":83},"end":{"line":167,"column":9},"skip":true}]},"16":{"line":169,"type":"binary-expr","locations":[{"start":{"line":169,"column":43},"end":{"line":169,"column":75},"skip":true},{"start":{"line":169,"column":79},"end":{"line":178,"column":9},"skip":true}]},"17":{"line":180,"type":"binary-expr","locations":[{"start":{"line":180,"column":41},"end":{"line":180,"column":71},"skip":true},{"start":{"line":180,"column":75},"end":{"line":189,"column":9},"skip":true}]}},"code":["/* istanbul instrument in package npmtest_slimerjs */","/*jslint","    bitwise: true,","    browser: true,","    maxerr: 8,","    maxlen: 96,","    node: true,","    nomen: true,","    regexp: true,","    stupid: true","*/","(function () {","    'use strict';","    var local;","","","","    // run shared js-env code - pre-init","    (function () {","        // init local","        local = {};","        // init modeJs","        local.modeJs = (function () {","            try {","                return typeof navigator.userAgent === 'string' &&","                    typeof document.querySelector('body') === 'object' &&","                    typeof XMLHttpRequest.prototype.open === 'function' &&","                    'browser';","            } catch (errorCaughtBrowser) {","                return module.exports &&","                    typeof process.versions.node === 'string' &&","                    typeof require('http').createServer === 'function' &&","                    'node';","            }","        }());","        // init global","        local.global = local.modeJs === 'browser'","            ? window","            : global;","        switch (local.modeJs) {","        // re-init local from window.local","        case 'browser':","            local = local.global.utility2.objectSetDefault(","                local.global.utility2_rollup || local.global.local,","                local.global.utility2","            );","            break;","        // re-init local from example.js","        case 'node':","            local = (local.global.utility2_rollup || require('utility2'))","                .requireReadme();","            break;","        }","        // export local","        local.global.local = local;","    }());","","","","    // run shared js-env code - function","    (function () {","        return;","    }());","    switch (local.modeJs) {","","","","    // run browser js-env code - function","    case 'browser':","        break;","","","","    // run node js-env code - function","    case 'node':","        break;","    }","","","","    // run shared js-env code - post-init","    (function () {","        return;","    }());","    switch (local.modeJs) {","","","","    // run browser js-env code - post-init","    case 'browser':","        local.testCase_browser_nullCase = local.testCase_browser_nullCase || function (","            options,","            onError","        ) {","        /*","         * this function will test browsers's null-case handling-behavior-behavior","         */","            onError(null, options);","        };","","        // run tests","        local.nop(local.modeTest &&","            document.querySelector('#testRunButton1') &&","            document.querySelector('#testRunButton1').click());","        break;","","","","    // run node js-env code - post-init","    /* istanbul ignore next */","    case 'node':","        local.testCase_buildApidoc_default = local.testCase_buildApidoc_default || function (","            options,","            onError","        ) {","        /*","         * this function will test buildApidoc's default handling-behavior-behavior","         */","            options = { modulePathList: module.paths };","            local.buildApidoc(options, onError);","        };","","        local.testCase_buildApp_default = local.testCase_buildApp_default || function (","            options,","            onError","        ) {","        /*","         * this function will test buildApp's default handling-behavior-behavior","         */","            local.testCase_buildReadme_default(options, local.onErrorThrow);","            local.testCase_buildLib_default(options, local.onErrorThrow);","            local.testCase_buildTest_default(options, local.onErrorThrow);","            local.testCase_buildCustomOrg_default(options, local.onErrorThrow);","            options = [];","            local.buildApp(options, onError);","        };","","        local.testCase_buildCustomOrg_default = local.testCase_buildCustomOrg_default ||","            function (options, onError) {","            /*","             * this function will test buildCustomOrg's default handling-behavior","             */","                options = {};","                local.buildCustomOrg(options, onError);","            };","","        local.testCase_buildLib_default = local.testCase_buildLib_default || function (","            options,","            onError","        ) {","        /*","         * this function will test buildLib's default handling-behavior","         */","            options = {};","            local.buildLib(options, onError);","        };","","        local.testCase_buildReadme_default = local.testCase_buildReadme_default || function (","            options,","            onError","        ) {","        /*","         * this function will test buildReadme's default handling-behavior-behavior","         */","            options = {};","            local.buildReadme(options, onError);","        };","","        local.testCase_buildTest_default = local.testCase_buildTest_default || function (","            options,","            onError","        ) {","        /*","         * this function will test buildTest's default handling-behavior","         */","            options = {};","            local.buildTest(options, onError);","        };","","        local.testCase_webpage_default = local.testCase_webpage_default || function (","            options,","            onError","        ) {","        /*","         * this function will test webpage's default handling-behavior","         */","            options = { modeCoverageMerge: true, url: local.serverLocalHost + '?modeTest=1' };","            local.browserTest(options, onError);","        };","","        // run test-server","        local.testRunServer(local);","        break;","    }","}());",""],"l":{"12":2,"14":2,"19":2,"21":2,"23":2,"24":2,"25":2,"30":1,"37":2,"40":2,"43":1,"47":1,"50":1,"52":1,"55":2,"61":2,"62":2,"64":2,"70":1,"76":1,"82":2,"83":2,"85":2,"91":1,"98":1,"102":1,"105":1,"112":1,"119":1,"120":1,"123":1,"130":1,"131":1,"132":1,"133":1,"134":1,"135":1,"138":1,"143":2,"144":2,"147":1,"154":2,"155":2,"158":1,"165":2,"166":2,"169":1,"176":2,"177":2,"180":1,"187":1,"188":1,"192":1,"193":1}},"/home/travis/build/npmtest/node-npmtest-slimerjs/lib.npmtest_slimerjs.js":{"path":"/home/travis/build/npmtest/node-npmtest-slimerjs/lib.npmtest_slimerjs.js","s":{"1":2,"2":2,"3":2,"4":2,"5":2,"6":2,"7":2,"8":1,"9":2,"10":2,"11":2,"12":2,"13":1,"14":1,"15":1,"16":1},"b":{"1":[2,1,1,1],"2":[1,1,1,1],"3":[1,1],"4":[2,2],"5":[1,1]},"f":{"1":2,"2":2,"3":2},"fnMap":{"1":{"name":"(anonymous_1)","line":12,"loc":{"start":{"line":12,"column":1},"end":{"line":12,"column":13}}},"2":{"name":"(anonymous_2)","line":19,"loc":{"start":{"line":19,"column":5},"end":{"line":19,"column":17}}},"3":{"name":"(anonymous_3)","line":23,"loc":{"start":{"line":23,"column":24},"end":{"line":23,"column":36}}}},"statementMap":{"1":{"start":{"line":12,"column":0},"end":{"line":53,"column":5}},"2":{"start":{"line":14,"column":4},"end":{"line":14,"column":14}},"3":{"start":{"line":19,"column":4},"end":{"line":52,"column":9}},"4":{"start":{"line":21,"column":8},"end":{"line":21,"column":19}},"5":{"start":{"line":23,"column":8},"end":{"line":35,"column":13}},"6":{"start":{"line":24,"column":12},"end":{"line":34,"column":13}},"7":{"start":{"line":25,"column":16},"end":{"line":28,"column":30}},"8":{"start":{"line":30,"column":16},"end":{"line":33,"column":27}},"9":{"start":{"line":37,"column":8},"end":{"line":39,"column":21}},"10":{"start":{"line":41,"column":8},"end":{"line":41,"column":54}},"11":{"start":{"line":43,"column":8},"end":{"line":43,"column":53}},"12":{"start":{"line":45,"column":8},"end":{"line":51,"column":9}},"13":{"start":{"line":46,"column":12},"end":{"line":46,"column":59}},"14":{"start":{"line":48,"column":12},"end":{"line":48,"column":35}},"15":{"start":{"line":49,"column":12},"end":{"line":49,"column":49}},"16":{"start":{"line":50,"column":12},"end":{"line":50,"column":43}}},"branchMap":{"1":{"line":25,"type":"binary-expr","locations":[{"start":{"line":25,"column":23},"end":{"line":25,"column":62}},{"start":{"line":26,"column":20},"end":{"line":26,"column":70}},{"start":{"line":27,"column":20},"end":{"line":27,"column":71}},{"start":{"line":28,"column":20},"end":{"line":28,"column":29}}]},"2":{"line":30,"type":"binary-expr","locations":[{"start":{"line":30,"column":23},"end":{"line":30,"column":37}},{"start":{"line":31,"column":20},"end":{"line":31,"column":61}},{"start":{"line":32,"column":20},"end":{"line":32,"column":70}},{"start":{"line":33,"column":20},"end":{"line":33,"column":26}}]},"3":{"line":37,"type":"cond-expr","locations":[{"start":{"line":38,"column":14},"end":{"line":38,"column":20}},{"start":{"line":39,"column":14},"end":{"line":39,"column":20}}]},"4":{"line":41,"type":"binary-expr","locations":[{"start":{"line":41,"column":16},"end":{"line":41,"column":44}},{"start":{"line":41,"column":48},"end":{"line":41,"column":53}}]},"5":{"line":45,"type":"if","locations":[{"start":{"line":45,"column":8},"end":{"line":45,"column":8}},{"start":{"line":45,"column":8},"end":{"line":45,"column":8}}]}},"code":["/* istanbul instrument in package npmtest_slimerjs */","/*jslint","    bitwise: true,","    browser: true,","    maxerr: 8,","    maxlen: 96,","    node: true,","    nomen: true,","    regexp: true,","    stupid: true","*/","(function () {","    'use strict';","    var local;","","","","    // run shared js-env code - pre-init","    (function () {","        // init local","        local = {};","        // init modeJs","        local.modeJs = (function () {","            try {","                return typeof navigator.userAgent === 'string' &&","                    typeof document.querySelector('body') === 'object' &&","                    typeof XMLHttpRequest.prototype.open === 'function' &&","                    'browser';","            } catch (errorCaughtBrowser) {","                return module.exports &&","                    typeof process.versions.node === 'string' &&","                    typeof require('http').createServer === 'function' &&","                    'node';","            }","        }());","        // init global","        local.global = local.modeJs === 'browser'","            ? window","            : global;","        // init utility2_rollup","        local = local.global.utility2_rollup || local;","        // init lib","        local.local = local.npmtest_slimerjs = local;","        // init exports","        if (local.modeJs === 'browser') {","            local.global.utility2_npmtest_slimerjs = local;","        } else {","            module.exports = local;","            module.exports.__dirname = __dirname;","            module.exports.module = module;","        }","    }());","}());",""],"l":{"12":2,"14":2,"19":2,"21":2,"23":2,"24":2,"25":2,"30":1,"37":2,"41":2,"43":2,"45":2,"46":1,"48":1,"49":1,"50":1}},"/home/travis/build/npmtest/node-npmtest-slimerjs/example.js":{"path":"/home/travis/build/npmtest/node-npmtest-slimerjs/example.js","s":{"1":2,"2":2,"3":2,"4":2,"5":2,"6":2,"7":2,"8":1,"9":2,"10":2,"11":2,"12":2,"13":1,"14":2,"15":2,"16":2,"17":2,"18":2,"19":0,"20":2,"21":1,"22":1,"23":1,"24":1,"25":1,"26":0,"27":0,"28":1,"29":1,"30":2,"31":0,"32":0,"33":0,"34":1,"35":2,"36":2,"37":3,"38":3,"39":3,"40":3,"41":0,"42":3,"43":3,"44":3,"45":1,"46":3,"47":1,"48":1,"49":1,"50":1,"51":1,"52":1,"53":1,"54":1,"55":1,"56":1,"57":0,"58":1,"59":6,"60":6,"61":1,"62":2,"63":0,"64":2,"65":1,"66":1,"67":0,"68":0,"69":0,"70":0,"71":0,"72":0,"73":0,"74":0,"75":0,"76":0,"77":0,"78":0,"79":0,"80":0,"81":0,"82":0,"83":0},"b":{"1":[2,1,1,1],"2":[1,1,1,1],"3":[1,1],"4":[2,2],"5":[1,1],"6":[1,1],"7":[2,0],"8":[2,1,1,1,1,1],"9":[0,2,0],"10":[1,1],"11":[2,1,1],"12":[1,0],"13":[0,2],"14":[2,0,0,0,0,0,0],"15":[0,3],"16":[3,0],"17":[1,1],"18":[0,1],"19":[1,2,0,2],"20":[1,0],"21":[1,1],"22":[0,0],"23":[0,0],"24":[0,0],"25":[0,0],"26":[0,0],"27":[0,0],"28":[0,0]},"f":{"1":2,"2":2,"3":2,"4":2,"5":2,"6":2,"7":3,"8":3,"9":3,"10":1,"11":6,"12":0},"fnMap":{"1":{"name":"(anonymous_1)","line":26,"loc":{"start":{"line":26,"column":1},"end":{"line":26,"column":13}}},"2":{"name":"(anonymous_2)","line":33,"loc":{"start":{"line":33,"column":5},"end":{"line":33,"column":17}}},"3":{"name":"(anonymous_3)","line":37,"loc":{"start":{"line":37,"column":24},"end":{"line":37,"column":36}}},"4":{"name":"(anonymous_4)","line":69,"loc":{"start":{"line":69,"column":31},"end":{"line":69,"column":48}},"skip":true},"5":{"name":"(anonymous_5)","line":78,"loc":{"start":{"line":78,"column":26},"end":{"line":78,"column":45}},"skip":true},"6":{"name":"(anonymous_6)","line":123,"loc":{"start":{"line":123,"column":33},"end":{"line":123,"column":48}},"skip":true},"7":{"name":"(anonymous_7)","line":125,"loc":{"start":{"line":125,"column":27},"end":{"line":125,"column":39}},"skip":true},"8":{"name":"(anonymous_8)","line":133,"loc":{"start":{"line":133,"column":59},"end":{"line":133,"column":74}},"skip":true},"9":{"name":"(anonymous_9)","line":143,"loc":{"start":{"line":143,"column":45},"end":{"line":143,"column":62}},"skip":true},"10":{"name":"(anonymous_10)","line":144,"loc":{"start":{"line":144,"column":73},"end":{"line":144,"column":92}},"skip":true},"11":{"name":"(anonymous_11)","line":272,"loc":{"start":{"line":272,"column":51},"end":{"line":272,"column":77}},"skip":true},"12":{"name":"(anonymous_12)","line":315,"loc":{"start":{"line":315,"column":32},"end":{"line":315,"column":61}},"skip":true}},"statementMap":{"1":{"start":{"line":26,"column":0},"end":{"line":326,"column":5}},"2":{"start":{"line":28,"column":4},"end":{"line":28,"column":14}},"3":{"start":{"line":33,"column":4},"end":{"line":60,"column":9}},"4":{"start":{"line":35,"column":8},"end":{"line":35,"column":19}},"5":{"start":{"line":37,"column":8},"end":{"line":49,"column":13}},"6":{"start":{"line":38,"column":12},"end":{"line":48,"column":13}},"7":{"start":{"line":39,"column":16},"end":{"line":42,"column":30}},"8":{"start":{"line":44,"column":16},"end":{"line":47,"column":27}},"9":{"start":{"line":51,"column":8},"end":{"line":53,"column":21}},"10":{"start":{"line":55,"column":8},"end":{"line":57,"column":45}},"11":{"start":{"line":59,"column":8},"end":{"line":59,"column":35}},"12":{"start":{"line":61,"column":4},"end":{"line":325,"column":5}},"13":{"start":{"line":69,"column":8},"end":{"line":121,"column":10},"skip":true},"14":{"start":{"line":70,"column":12},"end":{"line":88,"column":13},"skip":true},"15":{"start":{"line":76,"column":16},"end":{"line":87,"column":19},"skip":true},"16":{"start":{"line":79,"column":20},"end":{"line":86,"column":21},"skip":true},"17":{"start":{"line":82,"column":24},"end":{"line":82,"column":43},"skip":true},"18":{"start":{"line":83,"column":24},"end":{"line":83,"column":30},"skip":true},"19":{"start":{"line":85,"column":24},"end":{"line":85,"column":49},"skip":true},"20":{"start":{"line":89,"column":12},"end":{"line":107,"column":13},"skip":true},"21":{"start":{"line":92,"column":16},"end":{"line":102,"column":17},"skip":true},"22":{"start":{"line":93,"column":20},"end":{"line":93,"column":86},"skip":true},"23":{"start":{"line":94,"column":20},"end":{"line":95,"column":45},"skip":true},"24":{"start":{"line":96,"column":20},"end":{"line":96,"column":42},"skip":true},"25":{"start":{"line":97,"column":20},"end":{"line":97,"column":48},"skip":true},"26":{"start":{"line":100,"column":20},"end":{"line":100,"column":85},"skip":true},"27":{"start":{"line":101,"column":20},"end":{"line":101,"column":96},"skip":true},"28":{"start":{"line":103,"column":16},"end":{"line":103,"column":22},"skip":true},"29":{"start":{"line":106,"column":16},"end":{"line":106,"column":22},"skip":true},"30":{"start":{"line":108,"column":12},"end":{"line":120,"column":13},"skip":true},"31":{"start":{"line":114,"column":16},"end":{"line":119,"column":17},"skip":true},"32":{"start":{"line":116,"column":20},"end":{"line":116,"column":78},"skip":true},"33":{"start":{"line":118,"column":20},"end":{"line":118,"column":47},"skip":true},"34":{"start":{"line":123,"column":8},"end":{"line":141,"column":11},"skip":true},"35":{"start":{"line":124,"column":12},"end":{"line":124,"column":54},"skip":true},"36":{"start":{"line":125,"column":12},"end":{"line":140,"column":14},"skip":true},"37":{"start":{"line":126,"column":16},"end":{"line":126,"column":28},"skip":true},"38":{"start":{"line":127,"column":16},"end":{"line":127,"column":69},"skip":true},"39":{"start":{"line":128,"column":16},"end":{"line":128,"column":75},"skip":true},"40":{"start":{"line":129,"column":16},"end":{"line":131,"column":17},"skip":true},"41":{"start":{"line":130,"column":20},"end":{"line":130,"column":27},"skip":true},"42":{"start":{"line":133,"column":16},"end":{"line":137,"column":36},"skip":true},"43":{"start":{"line":134,"column":20},"end":{"line":136,"column":55},"skip":true},"44":{"start":{"line":139,"column":16},"end":{"line":139,"column":57},"skip":true},"45":{"start":{"line":143,"column":8},"end":{"line":147,"column":11},"skip":true},"46":{"start":{"line":144,"column":12},"end":{"line":146,"column":15},"skip":true},"47":{"start":{"line":145,"column":16},"end":{"line":145,"column":70},"skip":true},"48":{"start":{"line":149,"column":8},"end":{"line":149,"column":31},"skip":true},"49":{"start":{"line":150,"column":8},"end":{"line":150,"column":14},"skip":true},"50":{"start":{"line":158,"column":8},"end":{"line":158,"column":31},"skip":true},"51":{"start":{"line":160,"column":8},"end":{"line":160,"column":33},"skip":true},"52":{"start":{"line":161,"column":8},"end":{"line":161,"column":37},"skip":true},"53":{"start":{"line":162,"column":8},"end":{"line":162,"column":35},"skip":true},"54":{"start":{"line":164,"column":8},"end":{"line":164,"column":50},"skip":true},"55":{"start":{"line":166,"column":8},"end":{"line":256,"column":2},"skip":true},"56":{"start":{"line":258,"column":8},"end":{"line":286,"column":9},"skip":true},"57":{"start":{"line":259,"column":12},"end":{"line":269,"column":14},"skip":true},"58":{"start":{"line":271,"column":12},"end":{"line":285,"column":19},"skip":true},"59":{"start":{"line":274,"column":20},"end":{"line":274,"column":35},"skip":true},"60":{"start":{"line":275,"column":20},"end":{"line":284,"column":21},"skip":true},"61":{"start":{"line":277,"column":24},"end":{"line":277,"column":64},"skip":true},"62":{"start":{"line":279,"column":24},"end":{"line":279,"column":40},"skip":true},"63":{"start":{"line":281,"column":24},"end":{"line":281,"column":40},"skip":true},"64":{"start":{"line":283,"column":24},"end":{"line":283,"column":39},"skip":true},"65":{"start":{"line":288,"column":8},"end":{"line":290,"column":9},"skip":true},"66":{"start":{"line":289,"column":12},"end":{"line":289,"column":18},"skip":true},"67":{"start":{"line":291,"column":8},"end":{"line":293,"column":54},"skip":true},"68":{"start":{"line":296,"column":8},"end":{"line":301,"column":37},"skip":true},"69":{"start":{"line":303,"column":8},"end":{"line":303,"column":82},"skip":true},"70":{"start":{"line":306,"column":8},"end":{"line":308,"column":9},"skip":true},"71":{"start":{"line":307,"column":12},"end":{"line":307,"column":82},"skip":true},"72":{"start":{"line":310,"column":8},"end":{"line":312,"column":9},"skip":true},"73":{"start":{"line":311,"column":12},"end":{"line":311,"column":18},"skip":true},"74":{"start":{"line":313,"column":8},"end":{"line":313,"column":54},"skip":true},"75":{"start":{"line":314,"column":8},"end":{"line":314,"column":69},"skip":true},"76":{"start":{"line":315,"column":8},"end":{"line":323,"column":36},"skip":true},"77":{"start":{"line":316,"column":12},"end":{"line":316,"column":61},"skip":true},"78":{"start":{"line":317,"column":12},"end":{"line":320,"column":13},"skip":true},"79":{"start":{"line":318,"column":16},"end":{"line":318,"column":75},"skip":true},"80":{"start":{"line":319,"column":16},"end":{"line":319,"column":23},"skip":true},"81":{"start":{"line":321,"column":12},"end":{"line":321,"column":38},"skip":true},"82":{"start":{"line":322,"column":12},"end":{"line":322,"column":27},"skip":true},"83":{"start":{"line":324,"column":8},"end":{"line":324,"column":14},"skip":true}},"branchMap":{"1":{"line":39,"type":"binary-expr","locations":[{"start":{"line":39,"column":23},"end":{"line":39,"column":62}},{"start":{"line":40,"column":20},"end":{"line":40,"column":70}},{"start":{"line":41,"column":20},"end":{"line":41,"column":71}},{"start":{"line":42,"column":20},"end":{"line":42,"column":29}}]},"2":{"line":44,"type":"binary-expr","locations":[{"start":{"line":44,"column":23},"end":{"line":44,"column":37}},{"start":{"line":45,"column":20},"end":{"line":45,"column":61}},{"start":{"line":46,"column":20},"end":{"line":46,"column":70}},{"start":{"line":47,"column":20},"end":{"line":47,"column":26}}]},"3":{"line":51,"type":"cond-expr","locations":[{"start":{"line":52,"column":14},"end":{"line":52,"column":20}},{"start":{"line":53,"column":14},"end":{"line":53,"column":20}}]},"4":{"line":55,"type":"binary-expr","locations":[{"start":{"line":55,"column":16},"end":{"line":55,"column":44}},{"start":{"line":55,"column":49},"end":{"line":57,"column":43}}]},"5":{"line":55,"type":"cond-expr","locations":[{"start":{"line":56,"column":14},"end":{"line":56,"column":52}},{"start":{"line":57,"column":14},"end":{"line":57,"column":43}}]},"6":{"line":61,"type":"switch","locations":[{"start":{"line":68,"column":4},"end":{"line":150,"column":14},"skip":true},{"start":{"line":156,"column":4},"end":{"line":324,"column":14},"skip":true}]},"7":{"line":70,"type":"if","locations":[{"start":{"line":70,"column":12},"end":{"line":70,"column":12},"skip":true},{"start":{"line":70,"column":12},"end":{"line":70,"column":12},"skip":true}]},"8":{"line":70,"type":"binary-expr","locations":[{"start":{"line":70,"column":16},"end":{"line":70,"column":22},"skip":true},{"start":{"line":70,"column":27},"end":{"line":70,"column":32},"skip":true},{"start":{"line":71,"column":20},"end":{"line":71,"column":39},"skip":true},{"start":{"line":72,"column":20},"end":{"line":72,"column":49},"skip":true},{"start":{"line":73,"column":20},"end":{"line":73,"column":58},"skip":true},{"start":{"line":74,"column":20},"end":{"line":74,"column":69},"skip":true}]},"9":{"line":79,"type":"switch","locations":[{"start":{"line":80,"column":20},"end":{"line":80,"column":33},"skip":true},{"start":{"line":81,"column":20},"end":{"line":83,"column":30},"skip":true},{"start":{"line":84,"column":20},"end":{"line":85,"column":49},"skip":true}]},"10":{"line":89,"type":"switch","locations":[{"start":{"line":90,"column":12},"end":{"line":103,"column":22},"skip":true},{"start":{"line":105,"column":12},"end":{"line":106,"column":22},"skip":true}]},"11":{"line":89,"type":"binary-expr","locations":[{"start":{"line":89,"column":20},"end":{"line":89,"column":25},"skip":true},{"start":{"line":89,"column":29},"end":{"line":89,"column":48},"skip":true},{"start":{"line":89,"column":52},"end":{"line":89,"column":74},"skip":true}]},"12":{"line":92,"type":"if","locations":[{"start":{"line":92,"column":16},"end":{"line":92,"column":16},"skip":true},{"start":{"line":92,"column":16},"end":{"line":92,"column":16},"skip":true}]},"13":{"line":108,"type":"if","locations":[{"start":{"line":108,"column":12},"end":{"line":108,"column":12},"skip":true},{"start":{"line":108,"column":12},"end":{"line":108,"column":12},"skip":true}]},"14":{"line":108,"type":"binary-expr","locations":[{"start":{"line":108,"column":16},"end":{"line":108,"column":61},"skip":true},{"start":{"line":108,"column":66},"end":{"line":108,"column":72},"skip":true},{"start":{"line":108,"column":77},"end":{"line":108,"column":82},"skip":true},{"start":{"line":109,"column":20},"end":{"line":109,"column":39},"skip":true},{"start":{"line":110,"column":20},"end":{"line":110,"column":49},"skip":true},{"start":{"line":111,"column":20},"end":{"line":111,"column":58},"skip":true},{"start":{"line":112,"column":20},"end":{"line":112,"column":68},"skip":true}]},"15":{"line":129,"type":"if","locations":[{"start":{"line":129,"column":16},"end":{"line":129,"column":16},"skip":true},{"start":{"line":129,"column":16},"end":{"line":129,"column":16},"skip":true}]},"16":{"line":134,"type":"cond-expr","locations":[{"start":{"line":135,"column":26},"end":{"line":135,"column":29},"skip":true},{"start":{"line":136,"column":26},"end":{"line":136,"column":54},"skip":true}]},"17":{"line":164,"type":"binary-expr","locations":[{"start":{"line":164,"column":27},"end":{"line":164,"column":43},"skip":true},{"start":{"line":164,"column":47},"end":{"line":164,"column":49},"skip":true}]},"18":{"line":258,"type":"if","locations":[{"start":{"line":258,"column":8},"end":{"line":258,"column":8},"skip":true},{"start":{"line":258,"column":8},"end":{"line":258,"column":8},"skip":true}]},"19":{"line":275,"type":"switch","locations":[{"start":{"line":276,"column":20},"end":{"line":277,"column":64},"skip":true},{"start":{"line":278,"column":20},"end":{"line":279,"column":40},"skip":true},{"start":{"line":280,"column":20},"end":{"line":281,"column":40},"skip":true},{"start":{"line":282,"column":20},"end":{"line":283,"column":39},"skip":true}]},"20":{"line":288,"type":"if","locations":[{"start":{"line":288,"column":8},"end":{"line":288,"column":8},"skip":true},{"start":{"line":288,"column":8},"end":{"line":288,"column":8},"skip":true}]},"21":{"line":288,"type":"binary-expr","locations":[{"start":{"line":288,"column":12},"end":{"line":288,"column":40},"skip":true},{"start":{"line":288,"column":44},"end":{"line":288,"column":67},"skip":true}]},"22":{"line":292,"type":"binary-expr","locations":[{"start":{"line":292,"column":12},"end":{"line":292,"column":50},"skip":true},{"start":{"line":293,"column":12},"end":{"line":293,"column":53},"skip":true}]},"23":{"line":297,"type":"binary-expr","locations":[{"start":{"line":297,"column":12},"end":{"line":297,"column":66},"skip":true},{"start":{"line":298,"column":12},"end":{"line":301,"column":36},"skip":true}]},"24":{"line":303,"type":"binary-expr","locations":[{"start":{"line":303,"column":43},"end":{"line":303,"column":75},"skip":true},{"start":{"line":303,"column":79},"end":{"line":303,"column":81},"skip":true}]},"25":{"line":306,"type":"if","locations":[{"start":{"line":306,"column":8},"end":{"line":306,"column":8},"skip":true},{"start":{"line":306,"column":8},"end":{"line":306,"column":8},"skip":true}]},"26":{"line":310,"type":"if","locations":[{"start":{"line":310,"column":8},"end":{"line":310,"column":8},"skip":true},{"start":{"line":310,"column":8},"end":{"line":310,"column":8},"skip":true}]},"27":{"line":313,"type":"binary-expr","locations":[{"start":{"line":313,"column":27},"end":{"line":313,"column":43},"skip":true},{"start":{"line":313,"column":47},"end":{"line":313,"column":53},"skip":true}]},"28":{"line":317,"type":"if","locations":[{"start":{"line":317,"column":12},"end":{"line":317,"column":12},"skip":true},{"start":{"line":317,"column":12},"end":{"line":317,"column":12},"skip":true}]}},"code":["/*","example.js","","quickstart example","","instruction","    1. save this script as example.js","    2. run the shell command:","        $ npm install npmtest-slimerjs && PORT=8081 node example.js","    3. play with the browser-demo on http://127.0.0.1:8081","*/","","","","/* istanbul instrument in package npmtest_slimerjs */","/*jslint","    bitwise: true,","    browser: true,","    maxerr: 8,","    maxlen: 96,","    node: true,","    nomen: true,","    regexp: true,","    stupid: true","*/","(function () {","    'use strict';","    var local;","","","","    // run shared js-env code - pre-init","    (function () {","        // init local","        local = {};","        // init modeJs","        local.modeJs = (function () {","            try {","                return typeof navigator.userAgent === 'string' &&","                    typeof document.querySelector('body') === 'object' &&","                    typeof XMLHttpRequest.prototype.open === 'function' &&","                    'browser';","            } catch (errorCaughtBrowser) {","                return module.exports &&","                    typeof process.versions.node === 'string' &&","                    typeof require('http').createServer === 'function' &&","                    'node';","            }","        }());","        // init global","        local.global = local.modeJs === 'browser'","            ? window","            : global;","        // init utility2_rollup","        local = local.global.utility2_rollup || (local.modeJs === 'browser'","            ? local.global.utility2_npmtest_slimerjs","            : global.utility2_moduleExports);","        // export local","        local.global.local = local;","    }());","    switch (local.modeJs) {","","","","    // post-init","    // run browser js-env code - post-init","    /* istanbul ignore next */","    case 'browser':","        local.testRunBrowser = function (event) {","            if (!event || (event &&","                    event.currentTarget &&","                    event.currentTarget.className &&","                    event.currentTarget.className.includes &&","                    event.currentTarget.className.includes('onreset'))) {","                // reset output","                Array.from(","                    document.querySelectorAll('body > .resettable')","                ).forEach(function (element) {","                    switch (element.tagName) {","                    case 'INPUT':","                    case 'TEXTAREA':","                        element.value = '';","                        break;","                    default:","                        element.textContent = '';","                    }","                });","            }","            switch (event && event.currentTarget && event.currentTarget.id) {","            case 'testRunButton1':","                // show tests","                if (document.querySelector('#testReportDiv1').style.display === 'none') {","                    document.querySelector('#testReportDiv1').style.display = 'block';","                    document.querySelector('#testRunButton1').textContent =","                        'hide internal test';","                    local.modeTest = true;","                    local.testRunDefault(local);","                // hide tests","                } else {","                    document.querySelector('#testReportDiv1').style.display = 'none';","                    document.querySelector('#testRunButton1').textContent = 'run internal test';","                }","                break;","            // custom-case","            default:","                break;","            }","            if (document.querySelector('#inputTextareaEval1') && (!event || (event &&","                    event.currentTarget &&","                    event.currentTarget.className &&","                    event.currentTarget.className.includes &&","                    event.currentTarget.className.includes('oneval')))) {","                // try to eval input-code","                try {","                    /*jslint evil: true*/","                    eval(document.querySelector('#inputTextareaEval1').value);","                } catch (errorCaught) {","                    console.error(errorCaught);","                }","            }","        };","        // log stderr and stdout to #outputTextareaStdout1","        ['error', 'log'].forEach(function (key) {","            console[key + '_original'] = console[key];","            console[key] = function () {","                var element;","                console[key + '_original'].apply(console, arguments);","                element = document.querySelector('#outputTextareaStdout1');","                if (!element) {","                    return;","                }","                // append text to #outputTextareaStdout1","                element.value += Array.from(arguments).map(function (arg) {","                    return typeof arg === 'string'","                        ? arg","                        : JSON.stringify(arg, null, 4);","                }).join(' ') + '\\n';","                // scroll textarea to bottom","                element.scrollTop = element.scrollHeight;","            };","        });","        // init event-handling","        ['change', 'click', 'keyup'].forEach(function (event) {","            Array.from(document.querySelectorAll('.on' + event)).forEach(function (element) {","                element.addEventListener(event, local.testRunBrowser);","            });","        });","        // run tests","        local.testRunBrowser();","        break;","","","","    // run node js-env code - post-init","    /* istanbul ignore next */","    case 'node':","        // export local","        module.exports = local;","        // require modules","        local.fs = require('fs');","        local.http = require('http');","        local.url = require('url');","        // init assets","        local.assetsDict = local.assetsDict || {};","        /* jslint-ignore-begin */","        local.assetsDict['/assets.index.template.html'] = '\\","<!doctype html>\\n\\","<html lang=\"en\">\\n\\","<head>\\n\\","<meta charset=\"UTF-8\">\\n\\","<meta name=\"viewport\" content=\"width=device-width, initial-scale=1\">\\n\\","<title>{{env.npm_package_name}} (v{{env.npm_package_version}})</title>\\n\\","<style>\\n\\","/*csslint\\n\\","    box-sizing: false,\\n\\","    universal-selector: false\\n\\","*/\\n\\","* {\\n\\","    box-sizing: border-box;\\n\\","}\\n\\","body {\\n\\","    background: #dde;\\n\\","    font-family: Arial, Helvetica, sans-serif;\\n\\","    margin: 2rem;\\n\\","}\\n\\","body > * {\\n\\","    margin-bottom: 1rem;\\n\\","}\\n\\",".utility2FooterDiv {\\n\\","    margin-top: 20px;\\n\\","    text-align: center;\\n\\","}\\n\\","</style>\\n\\","<style>\\n\\","/*csslint\\n\\","*/\\n\\","textarea {\\n\\","    font-family: monospace;\\n\\","    height: 10rem;\\n\\","    width: 100%;\\n\\","}\\n\\","textarea[readonly] {\\n\\","    background: #ddd;\\n\\","}\\n\\","</style>\\n\\","</head>\\n\\","<body>\\n\\","<!-- utility2-comment\\n\\","<div id=\"ajaxProgressDiv1\" style=\"background: #d00; height: 2px; left: 0; margin: 0; padding: 0; position: fixed; top: 0; transition: background 0.5s, width 1.5s; width: 25%;\"></div>\\n\\","utility2-comment -->\\n\\","<h1>\\n\\","<!-- utility2-comment\\n\\","    <a\\n\\","        {{#if env.npm_package_homepage}}\\n\\","        href=\"{{env.npm_package_homepage}}\"\\n\\","        {{/if env.npm_package_homepage}}\\n\\","        target=\"_blank\"\\n\\","    >\\n\\","utility2-comment -->\\n\\","        {{env.npm_package_name}} (v{{env.npm_package_version}})\\n\\","<!-- utility2-comment\\n\\","    </a>\\n\\","utility2-comment -->\\n\\","</h1>\\n\\","<h3>{{env.npm_package_description}}</h3>\\n\\","<!-- utility2-comment\\n\\","<h4><a download href=\"assets.app.js\">download standalone app</a></h4>\\n\\","<button class=\"onclick onreset\" id=\"testRunButton1\">run internal test</button><br>\\n\\","<div id=\"testReportDiv1\" style=\"display: none;\"></div>\\n\\","utility2-comment -->\\n\\","\\n\\","\\n\\","\\n\\","<label>stderr and stdout</label>\\n\\","<textarea class=\"resettable\" id=\"outputTextareaStdout1\" readonly></textarea>\\n\\","<!-- utility2-comment\\n\\","{{#if isRollup}}\\n\\","<script src=\"assets.app.js\"></script>\\n\\","{{#unless isRollup}}\\n\\","utility2-comment -->\\n\\","<script src=\"assets.utility2.rollup.js\"></script>\\n\\","<script src=\"jsonp.utility2._stateInit?callback=window.utility2._stateInit\"></script>\\n\\","<script src=\"assets.npmtest_slimerjs.rollup.js\"></script>\\n\\","<script src=\"assets.example.js\"></script>\\n\\","<script src=\"assets.test.js\"></script>\\n\\","<!-- utility2-comment\\n\\","{{/if isRollup}}\\n\\","utility2-comment -->\\n\\","<div class=\"utility2FooterDiv\">\\n\\","    [ this app was created with\\n\\","    <a href=\"https://github.com/kaizhu256/node-utility2\" target=\"_blank\">utility2</a>\\n\\","    ]\\n\\","</div>\\n\\","</body>\\n\\","</html>\\n\\","';","        /* jslint-ignore-end */","        if (local.templateRender) {","            local.assetsDict['/'] = local.templateRender(","                local.assetsDict['/assets.index.template.html'],","                {","                    env: local.objectSetDefault(local.env, {","                        npm_package_description: 'the greatest app in the world!',","                        npm_package_name: 'my-app',","                        npm_package_nameAlias: 'my_app',","                        npm_package_version: '0.0.1'","                    })","                }","            );","        } else {","            local.assetsDict['/'] = local.assetsDict['/assets.index.template.html']","                .replace((/\\{\\{env\\.(\\w+?)\\}\\}/g), function (match0, match1) {","                    // jslint-hack","                    String(match0);","                    switch (match1) {","                    case 'npm_package_description':","                        return 'the greatest app in the world!';","                    case 'npm_package_name':","                        return 'my-app';","                    case 'npm_package_nameAlias':","                        return 'my_app';","                    case 'npm_package_version':","                        return '0.0.1';","                    }","                });","        }","        // run the cli","        if (local.global.utility2_rollup || module !== require.main) {","            break;","        }","        local.assetsDict['/assets.example.js'] =","            local.assetsDict['/assets.example.js'] ||","            local.fs.readFileSync(__filename, 'utf8');","        // bug-workaround - long $npm_package_buildCustomOrg","        /* jslint-ignore-begin */","        local.assetsDict['/assets.npmtest_slimerjs.rollup.js'] =","            local.assetsDict['/assets.npmtest_slimerjs.rollup.js'] ||","            local.fs.readFileSync(","                local.npmtest_slimerjs.__dirname + '/lib.npmtest_slimerjs.js',","                'utf8'","            ).replace((/^#!/), '//');","        /* jslint-ignore-end */","        local.assetsDict['/favicon.ico'] = local.assetsDict['/favicon.ico'] || '';","        // if $npm_config_timeout_exit exists,","        // then exit this process after $npm_config_timeout_exit ms","        if (Number(process.env.npm_config_timeout_exit)) {","            setTimeout(process.exit, Number(process.env.npm_config_timeout_exit));","        }","        // start server","        if (local.global.utility2_serverHttp1) {","            break;","        }","        process.env.PORT = process.env.PORT || '8081';","        console.error('server starting on port ' + process.env.PORT);","        local.http.createServer(function (request, response) {","            request.urlParsed = local.url.parse(request.url);","            if (local.assetsDict[request.urlParsed.pathname] !== undefined) {","                response.end(local.assetsDict[request.urlParsed.pathname]);","                return;","            }","            response.statusCode = 404;","            response.end();","        }).listen(process.env.PORT);","        break;","    }","}());",""],"l":{"26":2,"28":2,"33":2,"35":2,"37":2,"38":2,"39":2,"44":1,"51":2,"55":2,"59":2,"61":2,"69":1,"70":2,"76":2,"79":2,"82":2,"83":2,"85":1,"89":2,"92":1,"93":1,"94":1,"96":1,"97":1,"100":1,"101":1,"103":1,"106":1,"108":2,"114":1,"116":1,"118":1,"123":1,"124":2,"125":2,"126":3,"127":3,"128":3,"129":3,"130":1,"133":3,"134":3,"139":3,"143":1,"144":3,"145":1,"149":1,"150":1,"158":1,"160":1,"161":1,"162":1,"164":1,"166":1,"258":1,"259":1,"271":1,"274":6,"275":6,"277":1,"279":2,"281":1,"283":2,"288":1,"289":1,"291":1,"296":1,"303":1,"306":1,"307":1,"310":1,"311":1,"313":1,"314":1,"315":1,"316":1,"317":1,"318":1,"319":1,"321":1,"322":1,"324":1}},"/home/travis/build/npmtest/node-npmtest-slimerjs/node_modules/slimerjs/src/phantom-protocol.js":{"path":"/home/travis/build/npmtest/node-npmtest-slimerjs/node_modules/slimerjs/src/phantom-protocol.js","s":{"1":1,"2":1},"b":{},"f":{},"fnMap":{},"statementMap":{"1":{"start":{"line":4,"column":0},"end":{"line":4,"column":27}},"2":{"start":{"line":5,"column":0},"end":{"line":5,"column":62}}},"branchMap":{},"code":["/**"," * Exposes necessary information so slimerjs will work with phantom drivers."," */","var path = require('path');","exports.path = path.join(__dirname, '../', 'src', 'slimerjs');",""],"l":{"4":1,"5":1}},"/home/travis/build/npmtest/node-npmtest-slimerjs/node_modules/slimerjs/g.js":{"path":"/home/travis/build/npmtest/node-npmtest-slimerjs/node_modules/slimerjs/g.js","s":{"1":1},"b":{},"f":{},"fnMap":{},"statementMap":{"1":{"start":{"line":1,"column":0},"end":{"line":1,"column":16}}},"branchMap":{},"code":["let foo = 'bar';","",""],"l":{"1":1}},"/home/travis/build/npmtest/node-npmtest-slimerjs/node_modules/slimerjs/h.js":{"path":"/home/travis/build/npmtest/node-npmtest-slimerjs/node_modules/slimerjs/h.js","s":{"1":2,"2":0,"3":0,"4":0,"5":0},"b":{},"f":{"1":0},"fnMap":{"1":{"name":"(anonymous_1)","line":4,"loc":{"start":{"line":4,"column":8},"end":{"line":4,"column":19}}}},"statementMap":{"1":{"start":{"line":1,"column":0},"end":{"line":1,"column":42}},"2":{"start":{"line":2,"column":0},"end":{"line":10,"column":3}},"3":{"start":{"line":6,"column":4},"end":{"line":6,"column":53}},"4":{"start":{"line":7,"column":4},"end":{"line":8,"column":42}},"5":{"start":{"line":9,"column":4},"end":{"line":9,"column":18}}},"branchMap":{},"code":["var webpage = require('webpage').create();","webpage","  .open('http://slimerjs.org')","  .then(function() {","    // store a screenshot of the page","    webpage.viewportSize = { width:650, height:320 };","    webpage.render('page.png',","                   { onlyViewport:true });","    slimer.exit();","});","",""],"l":{"1":2,"2":0,"6":0,"7":0,"9":0}},"/home/travis/build/npmtest/node-npmtest-slimerjs/node_modules/slimerjs/src/components/callPhantom.js":{"path":"/home/travis/build/npmtest/node-npmtest-slimerjs/node_modules/slimerjs/src/components/callPhantom.js","s":{"1":2,"2":0,"3":0,"4":0,"5":0,"6":0,"7":0,"8":1,"9":0,"10":0,"11":0,"12":0,"13":0,"14":0,"15":0,"16":0,"17":0,"18":0,"19":0,"20":0,"21":0,"22":0,"23":0,"24":0,"25":0,"26":0,"27":0,"28":0,"29":0,"30":0,"31":0,"32":0,"33":0},"b":{"1":[0,0],"2":[0,0],"3":[0,0],"4":[0,0],"5":[0,0],"6":[0,0],"7":[0,0],"8":[0,0]},"f":{"1":0,"2":0,"3":0},"fnMap":{"1":{"name":"callPhantomAPI","line":18,"loc":{"start":{"line":18,"column":0},"end":{"line":18,"column":26}}},"2":{"name":"(anonymous_2)","line":29,"loc":{"start":{"line":29,"column":10},"end":{"line":29,"column":29}}},"3":{"name":"(anonymous_3)","line":33,"loc":{"start":{"line":33,"column":15},"end":{"line":33,"column":26}}}},"statementMap":{"1":{"start":{"line":6,"column":0},"end":{"line":6,"column":26}},"2":{"start":{"line":7,"column":0},"end":{"line":7,"column":31}},"3":{"start":{"line":8,"column":0},"end":{"line":8,"column":28}},"4":{"start":{"line":10,"column":0},"end":{"line":10,"column":51}},"5":{"start":{"line":11,"column":0},"end":{"line":11,"column":49}},"6":{"start":{"line":12,"column":0},"end":{"line":12,"column":45}},"7":{"start":{"line":14,"column":0},"end":{"line":15,"column":59}},"8":{"start":{"line":18,"column":0},"end":{"line":18,"column":28}},"9":{"start":{"line":20,"column":0},"end":{"line":70,"column":2}},"10":{"start":{"line":30,"column":8},"end":{"line":30,"column":24}},"11":{"start":{"line":31,"column":8},"end":{"line":31,"column":55}},"12":{"start":{"line":32,"column":8},"end":{"line":32,"column":68}},"13":{"start":{"line":33,"column":8},"end":{"line":68,"column":9}},"14":{"start":{"line":34,"column":12},"end":{"line":34,"column":59}},"15":{"start":{"line":35,"column":12},"end":{"line":38,"column":13}},"16":{"start":{"line":36,"column":16},"end":{"line":36,"column":74}},"17":{"start":{"line":37,"column":16},"end":{"line":37,"column":23}},"18":{"start":{"line":39,"column":12},"end":{"line":67,"column":13}},"19":{"start":{"line":40,"column":16},"end":{"line":66,"column":17}},"20":{"start":{"line":41,"column":20},"end":{"line":41,"column":62}},"21":{"start":{"line":42,"column":20},"end":{"line":48,"column":21}},"22":{"start":{"line":43,"column":24},"end":{"line":43,"column":39}},"23":{"start":{"line":44,"column":24},"end":{"line":46,"column":25}},"24":{"start":{"line":45,"column":28},"end":{"line":45,"column":45}},"25":{"start":{"line":47,"column":24},"end":{"line":47,"column":57}},"26":{"start":{"line":49,"column":20},"end":{"line":49,"column":34}},"27":{"start":{"line":53,"column":20},"end":{"line":64,"column":21}},"28":{"start":{"line":58,"column":24},"end":{"line":62,"column":25}},"29":{"start":{"line":59,"column":28},"end":{"line":61,"column":29}},"30":{"start":{"line":60,"column":32},"end":{"line":60,"column":73}},"31":{"start":{"line":63,"column":24},"end":{"line":63,"column":58}},"32":{"start":{"line":65,"column":20},"end":{"line":65,"column":28}},"33":{"start":{"line":72,"column":0},"end":{"line":72,"column":69}}},"branchMap":{"1":{"line":34,"type":"cond-expr","locations":[{"start":{"line":34,"column":40},"end":{"line":34,"column":52}},{"start":{"line":34,"column":53},"end":{"line":34,"column":57}}]},"2":{"line":35,"type":"if","locations":[{"start":{"line":35,"column":12},"end":{"line":35,"column":12}},{"start":{"line":35,"column":12},"end":{"line":35,"column":12}}]},"3":{"line":39,"type":"if","locations":[{"start":{"line":39,"column":12},"end":{"line":39,"column":12}},{"start":{"line":39,"column":12},"end":{"line":39,"column":12}}]},"4":{"line":42,"type":"if","locations":[{"start":{"line":42,"column":20},"end":{"line":42,"column":20}},{"start":{"line":42,"column":20},"end":{"line":42,"column":20}}]},"5":{"line":53,"type":"if","locations":[{"start":{"line":53,"column":20},"end":{"line":53,"column":20}},{"start":{"line":53,"column":20},"end":{"line":53,"column":20}}]},"6":{"line":58,"type":"if","locations":[{"start":{"line":58,"column":24},"end":{"line":58,"column":24}},{"start":{"line":58,"column":24},"end":{"line":58,"column":24}}]},"7":{"line":58,"type":"binary-expr","locations":[{"start":{"line":58,"column":28},"end":{"line":58,"column":39}},{"start":{"line":58,"column":43},"end":{"line":58,"column":57}}]},"8":{"line":59,"type":"if","locations":[{"start":{"line":59,"column":28},"end":{"line":59,"column":28}},{"start":{"line":59,"column":28},"end":{"line":59,"column":28}}]}},"code":["/* This Source Code Form is subject to the terms of the Mozilla Public"," * License, v. 2.0. If a copy of the MPL was not distributed with this"," * file, You can obtain one at http://mozilla.org/MPL/2.0/."," */","","let Cu = Components.utils;","let Ci = Components.interfaces;","let Cc = Components.classes;","","Cu.import(\"resource://gre/modules/XPCOMUtils.jsm\");","Cu.import(\"resource://gre/modules/Services.jsm\");","Cu.import('resource://slimerjs/slUtils.jsm');","","var listErrorName = ['Error','EvalError','InternalError','RangeError','ReferenceError',","                     'SyntaxError','TypeError','URIError'];","","","function callPhantomAPI() {}","","callPhantomAPI.prototype = {","","    classID: Components.ID(\"{4e2fc2ea-f8b9-456b-a421-71039eb8dcd0}\"),","","    QueryInterface: XPCOMUtils.generateQI(","                                          [Ci.nsIDOMGlobalPropertyInitializer,","                                           Ci.nsISupports]","                                          ),","","    init: function (aWindow) {","        let self = this;","        this.window = XPCNativeWrapper.unwrap(aWindow);","        this.webpage = slUtils.getWebpageFromContentWindow(aWindow);","        return function() {","            var arg = (arguments.length?arguments[0]:null);","            if (!self.webpage) {","                dump(\"Error: no webpage found when calling callPhantom\\n\")","                return;","            }","            if (self.webpage.onCallback) {","                try {","                    let result = self.webpage.onCallback(arg);","                    if (typeof result == \"object\") {","                        let expose = {}","                        for (let p in result) {","                            expose[p] = 'rw';","                        }","                        result.__exposedProps__ = expose;","                    }","                    return result;","                }","                catch(e) {","                    // an erro occured in the callback defined in the user script.","                    if (typeof e == 'object') {","                        // we cannot throw directly the catch error: since Gecko 33","                        // properties and methods are hidden when passing to the","                        // non-privileged compartiment. so we throw a new error","                        // from the unprivileged compartiment.","                        if ('name' in e && 'message' in e) {","                            if (listErrorName.indexOf(e.name) != -1) {","                                throw new self.window[e.name](e.message);","                            }","                        }","                        throw new self.window.Error(\"\"+e);","                    }","                    throw e;","                }","            }","        }","    }","};","","var NSGetFactory = XPCOMUtils.generateNSGetFactory([callPhantomAPI]);",""],"l":{"6":2,"7":0,"8":0,"10":0,"11":0,"12":0,"14":0,"18":1,"20":0,"30":0,"31":0,"32":0,"33":0,"34":0,"35":0,"36":0,"37":0,"39":0,"40":0,"41":0,"42":0,"43":0,"44":0,"45":0,"47":0,"49":0,"53":0,"58":0,"59":0,"60":0,"63":0,"65":0,"72":0}},"/home/travis/build/npmtest/node-npmtest-slimerjs/node_modules/slimerjs/src/components/commandline.js":{"path":"/home/travis/build/npmtest/node-npmtest-slimerjs/node_modules/slimerjs/src/components/commandline.js","s":{"1":2,"2":0,"3":0,"4":0,"5":0,"6":0,"7":0,"8":0,"9":0,"10":0,"11":0,"12":0,"13":0,"14":0,"15":0,"16":0,"17":0,"18":0,"19":0,"20":0,"21":0,"22":0,"23":0,"24":0,"25":0,"26":0,"27":0,"28":0,"29":0,"30":0,"31":1,"32":0,"33":0,"34":0,"35":0,"36":0,"37":0,"38":0,"39":0,"40":0,"41":0,"42":0,"43":0,"44":0,"45":0,"46":0,"47":0,"48":0,"49":0,"50":0,"51":0,"52":0,"53":0,"54":0,"55":0,"56":0,"57":0,"58":0,"59":0,"60":0,"61":1,"62":0,"63":0,"64":0,"65":0,"66":0,"67":0,"68":0,"69":0,"70":0,"71":0,"72":0,"73":0,"74":0,"75":0,"76":0,"77":0,"78":0,"79":0,"80":0,"81":0,"82":0,"83":0,"84":0,"85":0,"86":0,"87":0,"88":0,"89":0,"90":0,"91":0,"92":0,"93":0,"94":0,"95":0,"96":0,"97":0,"98":0,"99":0,"100":0,"101":0,"102":0,"103":0,"104":0,"105":0,"106":0,"107":0,"108":0,"109":0,"110":0,"111":0,"112":0,"113":0,"114":0,"115":0,"116":0,"117":0,"118":0,"119":0,"120":0,"121":0,"122":0,"123":0,"124":0,"125":0},"b":{"1":[0,0],"2":[0,0],"3":[0,0],"4":[0,0],"5":[0,0],"6":[0,0,0,0],"7":[0,0],"8":[0,0],"9":[0,0],"10":[0,0],"11":[0,0],"12":[0,0],"13":[0,0],"14":[0,0],"15":[0,0],"16":[0,0],"17":[0,0],"18":[0,0],"19":[0,0],"20":[0,0],"21":[0,0],"22":[0,0],"23":[0,0]},"f":{"1":0,"2":0,"3":0,"4":0,"5":0,"6":0,"7":0,"8":0,"9":0,"10":0,"11":0,"12":0,"13":0,"14":0,"15":0,"16":0,"17":0},"fnMap":{"1":{"name":"(anonymous_1)","line":40,"loc":{"start":{"line":40,"column":25},"end":{"line":40,"column":53}}},"2":{"name":"(anonymous_2)","line":44,"loc":{"start":{"line":44,"column":26},"end":{"line":44,"column":37}}},"3":{"name":"(anonymous_3)","line":50,"loc":{"start":{"line":50,"column":20},"end":{"line":50,"column":38}}},"4":{"name":"(anonymous_4)","line":75,"loc":{"start":{"line":75,"column":25},"end":{"line":75,"column":53}}},"5":{"name":"(anonymous_5)","line":78,"loc":{"start":{"line":78,"column":26},"end":{"line":78,"column":37}}},"6":{"name":"(anonymous_6)","line":81,"loc":{"start":{"line":81,"column":20},"end":{"line":81,"column":38}}},"7":{"name":"(anonymous_7)","line":93,"loc":{"start":{"line":93,"column":14},"end":{"line":93,"column":25}}},"8":{"name":"(anonymous_8)","line":99,"loc":{"start":{"line":99,"column":25},"end":{"line":99,"column":53}}},"9":{"name":"parse_webdriver","line":103,"loc":{"start":{"line":103,"column":8},"end":{"line":103,"column":50}}},"10":{"name":"(anonymous_10)","line":120,"loc":{"start":{"line":120,"column":16},"end":{"line":120,"column":43}}},"11":{"name":"(anonymous_11)","line":128,"loc":{"start":{"line":128,"column":26},"end":{"line":128,"column":37}}},"12":{"name":"(anonymous_12)","line":131,"loc":{"start":{"line":131,"column":20},"end":{"line":131,"column":38}}},"13":{"name":"slCommandLine","line":158,"loc":{"start":{"line":158,"column":0},"end":{"line":158,"column":25}}},"14":{"name":"(anonymous_14)","line":178,"loc":{"start":{"line":178,"column":13},"end":{"line":178,"column":32}}},"15":{"name":"(anonymous_15)","line":220,"loc":{"start":{"line":220,"column":50},"end":{"line":220,"column":63}}},"16":{"name":"(anonymous_16)","line":268,"loc":{"start":{"line":268,"column":17},"end":{"line":268,"column":20}}},"17":{"name":"(anonymous_17)","line":272,"loc":{"start":{"line":272,"column":24},"end":{"line":272,"column":42}}}},"statementMap":{"1":{"start":{"line":7,"column":0},"end":{"line":7,"column":65}},"2":{"start":{"line":8,"column":0},"end":{"line":8,"column":63}},"3":{"start":{"line":9,"column":0},"end":{"line":9,"column":67}},"4":{"start":{"line":10,"column":0},"end":{"line":10,"column":59}},"5":{"start":{"line":12,"column":0},"end":{"line":13,"column":59}},"6":{"start":{"line":15,"column":0},"end":{"line":16,"column":78}},"7":{"start":{"line":38,"column":0},"end":{"line":70,"column":1}},"8":{"start":{"line":46,"column":8},"end":{"line":46,"column":91}},"9":{"start":{"line":51,"column":8},"end":{"line":51,"column":24}},"10":{"start":{"line":52,"column":8},"end":{"line":63,"column":9}},"11":{"start":{"line":54,"column":12},"end":{"line":59,"column":13}},"12":{"start":{"line":55,"column":16},"end":{"line":55,"column":68}},"13":{"start":{"line":58,"column":16},"end":{"line":58,"column":95}},"14":{"start":{"line":62,"column":12},"end":{"line":62,"column":64}},"15":{"start":{"line":64,"column":8},"end":{"line":65,"column":48}},"16":{"start":{"line":65,"column":12},"end":{"line":65,"column":48}},"17":{"start":{"line":67,"column":8},"end":{"line":67,"column":69}},"18":{"start":{"line":68,"column":8},"end":{"line":68,"column":42}},"19":{"start":{"line":73,"column":0},"end":{"line":86,"column":1}},"20":{"start":{"line":76,"column":8},"end":{"line":76,"column":76}},"21":{"start":{"line":79,"column":8},"end":{"line":79,"column":42}},"22":{"start":{"line":82,"column":8},"end":{"line":82,"column":109}},"23":{"start":{"line":83,"column":8},"end":{"line":83,"column":52}},"24":{"start":{"line":84,"column":8},"end":{"line":84,"column":73}},"25":{"start":{"line":91,"column":0},"end":{"line":152,"column":1}},"26":{"start":{"line":94,"column":8},"end":{"line":94,"column":84}},"27":{"start":{"line":95,"column":8},"end":{"line":95,"column":33}},"28":{"start":{"line":96,"column":8},"end":{"line":96,"column":37}},"29":{"start":{"line":97,"column":8},"end":{"line":97,"column":22}},"30":{"start":{"line":101,"column":8},"end":{"line":101,"column":72}},"31":{"start":{"line":103,"column":8},"end":{"line":113,"column":9}},"32":{"start":{"line":104,"column":12},"end":{"line":104,"column":43}},"33":{"start":{"line":105,"column":12},"end":{"line":111,"column":13}},"34":{"start":{"line":106,"column":16},"end":{"line":106,"column":68}},"35":{"start":{"line":107,"column":16},"end":{"line":107,"column":69}},"36":{"start":{"line":110,"column":16},"end":{"line":110,"column":52}},"37":{"start":{"line":112,"column":12},"end":{"line":112,"column":23}},"38":{"start":{"line":115,"column":8},"end":{"line":115,"column":91}},"39":{"start":{"line":116,"column":8},"end":{"line":116,"column":68}},"40":{"start":{"line":117,"column":8},"end":{"line":117,"column":65}},"41":{"start":{"line":118,"column":8},"end":{"line":118,"column":85}},"42":{"start":{"line":119,"column":8},"end":{"line":125,"column":33}},"43":{"start":{"line":121,"column":20},"end":{"line":123,"column":21}},"44":{"start":{"line":122,"column":24},"end":{"line":122,"column":126}},"45":{"start":{"line":124,"column":20},"end":{"line":124,"column":31}},"46":{"start":{"line":126,"column":8},"end":{"line":126,"column":102}},"47":{"start":{"line":129,"column":8},"end":{"line":129,"column":49}},"48":{"start":{"line":132,"column":8},"end":{"line":132,"column":52}},"49":{"start":{"line":133,"column":8},"end":{"line":133,"column":53}},"50":{"start":{"line":134,"column":8},"end":{"line":134,"column":91}},"51":{"start":{"line":135,"column":8},"end":{"line":135,"column":73}},"52":{"start":{"line":137,"column":8},"end":{"line":137,"column":71}},"53":{"start":{"line":138,"column":8},"end":{"line":138,"column":75}},"54":{"start":{"line":140,"column":8},"end":{"line":142,"column":9}},"55":{"start":{"line":141,"column":12},"end":{"line":141,"column":89}},"56":{"start":{"line":144,"column":8},"end":{"line":147,"column":9}},"57":{"start":{"line":145,"column":12},"end":{"line":145,"column":85}},"58":{"start":{"line":146,"column":12},"end":{"line":146,"column":58}},"59":{"start":{"line":149,"column":8},"end":{"line":149,"column":83}},"60":{"start":{"line":150,"column":8},"end":{"line":150,"column":51}},"61":{"start":{"line":158,"column":0},"end":{"line":159,"column":1}},"62":{"start":{"line":161,"column":0},"end":{"line":308,"column":1}},"63":{"start":{"line":181,"column":8},"end":{"line":191,"column":9}},"64":{"start":{"line":182,"column":12},"end":{"line":188,"column":13}},"65":{"start":{"line":183,"column":16},"end":{"line":183,"column":40}},"66":{"start":{"line":187,"column":16},"end":{"line":187,"column":75}},"67":{"start":{"line":190,"column":12},"end":{"line":190,"column":50}},"68":{"start":{"line":194,"column":8},"end":{"line":197,"column":9}},"69":{"start":{"line":195,"column":12},"end":{"line":195,"column":54}},"70":{"start":{"line":196,"column":12},"end":{"line":196,"column":57}},"71":{"start":{"line":200,"column":8},"end":{"line":200,"column":68}},"72":{"start":{"line":204,"column":8},"end":{"line":204,"column":51}},"73":{"start":{"line":207,"column":8},"end":{"line":214,"column":9}},"74":{"start":{"line":208,"column":12},"end":{"line":208,"column":71}},"75":{"start":{"line":211,"column":12},"end":{"line":211,"column":25}},"76":{"start":{"line":212,"column":12},"end":{"line":212,"column":41}},"77":{"start":{"line":213,"column":12},"end":{"line":213,"column":19}},"78":{"start":{"line":217,"column":8},"end":{"line":217,"column":41}},"79":{"start":{"line":220,"column":8},"end":{"line":222,"column":15}},"80":{"start":{"line":221,"column":16},"end":{"line":221,"column":48}},"81":{"start":{"line":224,"column":8},"end":{"line":252,"column":9}},"82":{"start":{"line":226,"column":12},"end":{"line":226,"column":20}},"83":{"start":{"line":227,"column":12},"end":{"line":232,"column":13}},"84":{"start":{"line":228,"column":16},"end":{"line":228,"column":64}},"85":{"start":{"line":231,"column":16},"end":{"line":231,"column":42}},"86":{"start":{"line":233,"column":12},"end":{"line":233,"column":46}},"87":{"start":{"line":234,"column":12},"end":{"line":234,"column":27}},"88":{"start":{"line":235,"column":12},"end":{"line":235,"column":41}},"89":{"start":{"line":239,"column":12},"end":{"line":239,"column":33}},"90":{"start":{"line":240,"column":12},"end":{"line":251,"column":13}},"91":{"start":{"line":241,"column":16},"end":{"line":241,"column":47}},"92":{"start":{"line":242,"column":16},"end":{"line":243,"column":80}},"93":{"start":{"line":243,"column":20},"end":{"line":243,"column":80}},"94":{"start":{"line":246,"column":16},"end":{"line":246,"column":69}},"95":{"start":{"line":247,"column":16},"end":{"line":247,"column":50}},"96":{"start":{"line":248,"column":16},"end":{"line":248,"column":33}},"97":{"start":{"line":249,"column":16},"end":{"line":249,"column":45}},"98":{"start":{"line":250,"column":16},"end":{"line":250,"column":23}},"99":{"start":{"line":255,"column":8},"end":{"line":255,"column":67}},"100":{"start":{"line":256,"column":8},"end":{"line":259,"column":9}},"101":{"start":{"line":257,"column":12},"end":{"line":257,"column":75}},"102":{"start":{"line":258,"column":12},"end":{"line":258,"column":71}},"103":{"start":{"line":260,"column":8},"end":{"line":262,"column":9}},"104":{"start":{"line":261,"column":12},"end":{"line":261,"column":47}},"105":{"start":{"line":269,"column":8},"end":{"line":269,"column":20}},"106":{"start":{"line":273,"column":8},"end":{"line":273,"column":36}},"107":{"start":{"line":274,"column":8},"end":{"line":276,"column":9}},"108":{"start":{"line":275,"column":12},"end":{"line":275,"column":19}},"109":{"start":{"line":280,"column":8},"end":{"line":280,"column":25}},"110":{"start":{"line":281,"column":8},"end":{"line":282,"column":55}},"111":{"start":{"line":282,"column":12},"end":{"line":282,"column":55}},"112":{"start":{"line":284,"column":8},"end":{"line":305,"column":9}},"113":{"start":{"line":285,"column":12},"end":{"line":285,"column":45}},"114":{"start":{"line":286,"column":12},"end":{"line":304,"column":13}},"115":{"start":{"line":287,"column":16},"end":{"line":287,"column":62}},"116":{"start":{"line":288,"column":16},"end":{"line":288,"column":46}},"117":{"start":{"line":289,"column":16},"end":{"line":300,"column":17}},"118":{"start":{"line":290,"column":20},"end":{"line":296,"column":21}},"119":{"start":{"line":291,"column":24},"end":{"line":291,"column":28}},"120":{"start":{"line":292,"column":24},"end":{"line":292,"column":86}},"121":{"start":{"line":295,"column":24},"end":{"line":295,"column":59}},"122":{"start":{"line":299,"column":20},"end":{"line":299,"column":51}},"123":{"start":{"line":303,"column":16},"end":{"line":303,"column":47}},"124":{"start":{"line":306,"column":8},"end":{"line":306,"column":45}},"125":{"start":{"line":314,"column":0},"end":{"line":314,"column":68}}},"branchMap":{"1":{"line":46,"type":"binary-expr","locations":[{"start":{"line":46,"column":16},"end":{"line":46,"column":43}},{"start":{"line":46,"column":47},"end":{"line":46,"column":89}}]},"2":{"line":52,"type":"if","locations":[{"start":{"line":52,"column":8},"end":{"line":52,"column":8}},{"start":{"line":52,"column":8},"end":{"line":52,"column":8}}]},"3":{"line":64,"type":"if","locations":[{"start":{"line":64,"column":8},"end":{"line":64,"column":8}},{"start":{"line":64,"column":8},"end":{"line":64,"column":8}}]},"4":{"line":105,"type":"if","locations":[{"start":{"line":105,"column":12},"end":{"line":105,"column":12}},{"start":{"line":105,"column":12},"end":{"line":105,"column":12}}]},"5":{"line":121,"type":"if","locations":[{"start":{"line":121,"column":20},"end":{"line":121,"column":20}},{"start":{"line":121,"column":20},"end":{"line":121,"column":20}}]},"6":{"line":121,"type":"binary-expr","locations":[{"start":{"line":121,"column":26},"end":{"line":121,"column":40}},{"start":{"line":121,"column":44},"end":{"line":121,"column":57}},{"start":{"line":121,"column":61},"end":{"line":121,"column":72}},{"start":{"line":121,"column":76},"end":{"line":121,"column":90}}]},"7":{"line":140,"type":"if","locations":[{"start":{"line":140,"column":8},"end":{"line":140,"column":8}},{"start":{"line":140,"column":8},"end":{"line":140,"column":8}}]},"8":{"line":144,"type":"if","locations":[{"start":{"line":144,"column":8},"end":{"line":144,"column":8}},{"start":{"line":144,"column":8},"end":{"line":144,"column":8}}]},"9":{"line":182,"type":"if","locations":[{"start":{"line":182,"column":12},"end":{"line":182,"column":12}},{"start":{"line":182,"column":12},"end":{"line":182,"column":12}}]},"10":{"line":194,"type":"if","locations":[{"start":{"line":194,"column":8},"end":{"line":194,"column":8}},{"start":{"line":194,"column":8},"end":{"line":194,"column":8}}]},"11":{"line":224,"type":"if","locations":[{"start":{"line":224,"column":8},"end":{"line":224,"column":8}},{"start":{"line":224,"column":8},"end":{"line":224,"column":8}}]},"12":{"line":227,"type":"if","locations":[{"start":{"line":227,"column":12},"end":{"line":227,"column":12}},{"start":{"line":227,"column":12},"end":{"line":227,"column":12}}]},"13":{"line":227,"type":"binary-expr","locations":[{"start":{"line":227,"column":16},"end":{"line":227,"column":43}},{"start":{"line":227,"column":47},"end":{"line":227,"column":89}}]},"14":{"line":242,"type":"if","locations":[{"start":{"line":242,"column":16},"end":{"line":242,"column":16}},{"start":{"line":242,"column":16},"end":{"line":242,"column":16}}]},"15":{"line":246,"type":"cond-expr","locations":[{"start":{"line":246,"column":45},"end":{"line":246,"column":59}},{"start":{"line":246,"column":62},"end":{"line":246,"column":67}}]},"16":{"line":256,"type":"if","locations":[{"start":{"line":256,"column":8},"end":{"line":256,"column":8}},{"start":{"line":256,"column":8},"end":{"line":256,"column":8}}]},"17":{"line":260,"type":"if","locations":[{"start":{"line":260,"column":8},"end":{"line":260,"column":8}},{"start":{"line":260,"column":8},"end":{"line":260,"column":8}}]},"18":{"line":274,"type":"if","locations":[{"start":{"line":274,"column":8},"end":{"line":274,"column":8}},{"start":{"line":274,"column":8},"end":{"line":274,"column":8}}]},"19":{"line":281,"type":"if","locations":[{"start":{"line":281,"column":8},"end":{"line":281,"column":8}},{"start":{"line":281,"column":8},"end":{"line":281,"column":8}}]},"20":{"line":286,"type":"if","locations":[{"start":{"line":286,"column":12},"end":{"line":286,"column":12}},{"start":{"line":286,"column":12},"end":{"line":286,"column":12}}]},"21":{"line":286,"type":"binary-expr","locations":[{"start":{"line":286,"column":16},"end":{"line":286,"column":36}},{"start":{"line":286,"column":40},"end":{"line":286,"column":48}}]},"22":{"line":289,"type":"if","locations":[{"start":{"line":289,"column":16},"end":{"line":289,"column":16}},{"start":{"line":289,"column":16},"end":{"line":289,"column":16}}]},"23":{"line":290,"type":"if","locations":[{"start":{"line":290,"column":20},"end":{"line":290,"column":20}},{"start":{"line":290,"column":20},"end":{"line":290,"column":20}}]}},"code":["/* This Source Code Form is subject to the terms of the Mozilla Public"," * License, v. 2.0. If a copy of the MPL was not distributed with this"," * file, You can obtain one at http://mozilla.org/MPL/2.0/."," */","","","Components.utils.import(\"resource://gre/modules/XPCOMUtils.jsm\");","Components.utils.import(\"resource://gre/modules/Services.jsm\");","Components.utils.import(\"resource://slimerjs/slConfiguration.jsm\");","Components.utils.import(\"resource://slimerjs/slUtils.jsm\");","","var envService = Components.classes[\"@mozilla.org/process/environment;1\"].","          getService(Components.interfaces.nsIEnvironment);","","var httphandler =  Components.classes[\"@mozilla.org/network/protocol;1?name=http\"]","                    .getService(Components.interfaces.nsIHttpProtocolHandler);","","","/*","Script handlers are object that can be used to launch a script (intenal or external).","These handlers can handle some command line parameter, and then are able to say","which script SlimerJS should execute.","","Interface for script handlers:","","- setOptionsSpecInto(currentOptionSpec) : indicate all options that it supports on the","  command line. It should fill the current object. see optionsSpec in slConfiguration.jsm","","- isHandledMainScript(). returns true if it is able to indicate the main script to","  execute. This method is called after setOptionsSpecInto().","","- declareScript(nsICommandLine): set to slConfiguration the main script URI.","  called only if isHandledMainScript() returned true.","","*/","","// script handler for external js file","var externalScriptHandler = {","    name: 'externalScriptHandler',","    setOptionsSpecInto : function(currentOptionSpec) {","        // no specific options","    },","","    isHandledMainScript : function() {","        // first argument should be the script name","        return (slConfiguration.args.length && slConfiguration.args[0].substr(0,1) != '-');","        //dump(\"unknown option \"+slConfiguration.args[0]+\" \\n\");","        //cmdLine.preventDefault = true","    },","    declareScript : function(cmdLine) {","        let file = null;","        if (/Mac/i.test(httphandler.oscpu)) {","            // under MacOS, resolveFile fails with a relative path","            try {","                file = cmdLine.resolveFile(slConfiguration.args[0]);","            }","            catch(e) {","                file = slUtils.getAbsMozFile(slConfiguration.args[0], cmdLine.workingDirectory)","            }","        }","        else {","            file = cmdLine.resolveFile(slConfiguration.args[0]);","        }","        if (!file.exists())","            throw new Error(\"script not found\");","","        slConfiguration.mainScriptURI = Services.io.newFileURI(file);","        slConfiguration.scriptFile = file;","    }","}","","// example of a script handler that loads an script from a specifique URI/namespace","var helloScriptHandler = {","    name : 'helloScriptHandler',","    setOptionsSpecInto : function(currentOptionSpec) {","        currentOptionSpec.helloworld = ['hello-world', 'bool', false, true];","    },","    isHandledMainScript : function() {","        return slConfiguration.helloworld;","    },","    declareScript : function(cmdLine) {","        slConfiguration.mainScriptURI = Services.io.newURI('resource://slimerjs/hello/world.js', null, null);","        slConfiguration.scriptModulePath = 'hello/';","        slConfiguration.args.unshift(slConfiguration.mainScriptURI.spec);","    }","}","","","","// Script handler for GhostDriver","var webDriverScriptHandler = {","    name : 'webDriverScriptHandler',","    _getDir : function() {","        var appDir = Services.dirsvc.get(\"CurProcD\", Components.interfaces.nsIFile);","        appDir.append('vendors');","        appDir.append('ghostdriver');","        return appDir;","    },","    setOption
[...]
         if (privProp.clipRect)","                return privProp.clipRect;","            return {top:0, left:0, width:0, height:0}","        },","        set clipRect (value) {","            let requirements = {","                top: {","                    is: [\"undefined\", \"number\"],","                    ok: (val) => val === undefined || val >= 0,","                    msg: \"clipRect.top should be a positive integer\"","                },","                left: {","                    is: [\"undefined\", \"number\"],","                    ok: (val) => val === undefined || val >= 0,","                    msg: \"clipRect.left should be a positive integer\"","                },","                width: {","                    is: [\"undefined\", \"number\"],","                    ok: (val) => val === undefined || val >= 0,","                    msg: \"clipRect.width should be a positive integer\"","                },","                height: {","                    is: [\"undefined\", \"number\"],","                    ok: (val) => val === undefined || val >= 0,","                    msg: \"clipRect.height should be a positive integer\"","                },","            }","            if (typeof(value) === \"object\") {","                privProp.clipRect = heritage.mix({top:0, left:0, width:0, height:0},","                                                 validateOptions(value, requirements));","            } else {","                privProp.clipRect = null;","            }","        },","        /**","         * dimensions for the PDF rendering","         *  {width:'', height:'', margin:''}","         *  or","         *  {format:'', orientation:'', margin:''}","         *","         *  margin can be a single dimension or an object containing","         *  one or more of the following properties: 'top', 'left', 'bottom', 'right'","         *","         *  format: \"A4\" etc.","         *  orientation: \"landscape\" or \"portrait\"","         *  dimension: supported unit ","         */","        get paperSize () {","            return privProp.paperSize;","        },","        set paperSize (val) {","            privProp.paperSize = val;","        },","        get zoomFactor () {","            if (!browser)","                throw new Error(\"WebPage not opened\");","            return browser.markupDocumentViewer.fullZoom;","        },","        set zoomFactor (val) {","            if (!browser)","                throw new Error(\"WebPage not opened\");","            browser.markupDocumentViewer.fullZoom = val;","            let domWindowUtils = browser.contentWindow","                                        .QueryInterface(Ci.nsIInterfaceRequestor)","                                        .getInterface(Ci.nsIDOMWindowUtils);","            domWindowUtils.redraw(1);","        },","","        render: function(filename, options) {","            if (!browser)","                throw new Error(\"WebPage not opened\");","","            let file = fs.absolute(filename);","","            try {","                let finalOptions = webpageUtils.getScreenshotOptions(this, options, fs.extension(file, true));","                if (finalOptions.format == 'pdf') {","                    let printOptions = webpageUtils.getPrintOptions(this, browser.contentWindow, file, finalOptions);","                    if (printOptions === null) {","                        return false;","                    }","                    return webpageUtils.renderPageAsPDF(browser.contentWindow, printOptions);","                }","","                let canvas = webpageUtils.getScreenshotCanvas(","                                            browser.contentWindow,","                                            finalOptions.ratio,","                                            finalOptions.onlyViewport, this);","                let content = null;","                canvas.toBlob(function(blob) {","                    let reader = new browser.contentWindow.FileReader();","                    reader.onloadend = function() {","                        content = reader.result;","                    }","                    reader.readAsBinaryString(blob);","                }, finalOptions.contentType, finalOptions.quality);","","                let thread = Services.tm.currentThread;","                while (content === null) {","                    thread.processNextEvent(true);","                }","","                let dir = fs.directory(file);","                if (!fs.exists(dir)) {","                    fs.makeTree(dir);","                }","","                fs.write(file, content, \"wb\");","                return true;","            }","            catch(e) {","                if (DEBUG_WEBPAGE) {","                    dumpex(e);","                }","                return false;","            }","        },","","        renderBytes: function(options) {","            if (!browser)","                throw new Error(\"WebPage not opened\");","            try {","                let finalOptions = webpageUtils.getScreenshotOptions(this, options);","                let canvas = webpageUtils.getScreenshotCanvas(","                                            browser.contentWindow,","                                            finalOptions.ratio,","                                            finalOptions.onlyViewport, this);","                let content = null;","                canvas.toBlob(function(blob) {","                    let reader = new browser.contentWindow.FileReader();","                    reader.onloadend = function() {","                        content = reader.result;","                    }","                    reader.readAsBinaryString(blob);","                }, finalOptions.contentType, finalOptions.quality);","","                let thread = Services.tm.currentThread;","                while (content === null) {","                    thread.processNextEvent(true);","                }","                return content;","            }","            catch(e) {","                if (DEBUG_WEBPAGE) {","                    dumpex(e);","                }","                return null;","            }","        },","","        renderBase64: function(options) {","            if (!browser)","                throw new Error(\"WebPage not opened\");","            let finalOptions = webpageUtils.getScreenshotOptions(this, options)","","            let canvas = webpageUtils.getScreenshotCanvas(browser.contentWindow,","                                            finalOptions.ratio, finalOptions.onlyViewport, this);","","            return canvas.toDataURL(finalOptions.contentType, finalOptions.quality).split(\",\", 2)[1];","        },","","        //--------------------------------------------------- window popup callback","","        onAlert : null,","","        onAuthPrompt: null,","","        onCallback : null,","","        onConfirm : null,","","        onConsoleMessage : null,","","        onFilePicker : null,","","        onPrompt : null,","        ","        onLongRunningScript : null,","","        // ------------------------------ browsing callbacks","","        // This callback is invoked after the web page is created but before a URL is loaded. The callback may be used to change global objects (document...)","        onInitialized: null,","","        //This callback is invoked when the page finishes the loading. It may accept a single argument indicating the page's status: 'success' if no network errors occurred, otherwise 'fail'.","        onLoadFinished: null,","","        //This callback is invoked when the page starts the loading. There is no argument passed to the callback.","        onLoadStarted: null,","","        onNavigationRequested: null,","","        // This callback is invoked when a new child window (but not deeper descendant windows) is created by the page, e.g. using window.open","        onPageCreated: null,","","        onResourceError : null,","","        onResourceTimeout : null,","","        onResourceRequested : null,","","        onResourceReceived : null,","","        //This callback is invoked when the URL changes, e.g. as it navigates away from the current URL.","        onUrlChanged : null,","","        // Callback invoked when a file is downloaded .","        onFileDownload : null,","","        onFileDownloadError: null,","","        // -------------------------------- private methods to send some events","        closing:function (page) {","            executePageListener(this, 'onClosing', [page]);","        },","","        initialized: function() {","            webPageSandbox = null;","            if (browser) {","                let ds = browser.docShell;","                ds.allowImages = privProp.settings.loadImages;","                ds.allowJavascript = privProp.settings.javascriptEnabled;","            }","            if (DEBUG_WEBPAGE_LOADING) {","                slDebugLog(\"webpage: onInitialized\");","            }","            executePageListener(this, 'onInitialized');","        },","","        javaScriptAlertSent: function(message) {","            executePageListener(this, 'onAlert', [message]);","        },","","        javaScriptConsoleMessageSent: function(message, lineNumber, fileName) {","            executePageListener(this, 'onConsoleMessage', [message, lineNumber, fileName]);","        },","","        loadFinished: function(status, url, isFrame) {","            browserJustCreated = false;","            webPageSandbox = null;","            if (DEBUG_WEBPAGE_LOADING) {","                slDebugLog(\"webpage: onLoadFinished status:\"+status+\" url:\"+url+\" isFrame:\"+isFrame);","            }","            executePageListener(this, 'onLoadFinished', [status, url, isFrame]);","        },","","        loadStarted: function(url, isFrame) {","            webPageSandbox = null;","            if (DEBUG_WEBPAGE_LOADING) {","                slDebugLog(\"webpage: onLoadStarted url:\"+url+\" isFrame:\"+isFrame);","            }","            executePageListener(this, 'onLoadStarted', [url, isFrame]);","        },","","        /**","         * @param string url  the url of the requested page","         * @param string navigationType a string indicated the origin:","         *          \"Undefined\" \"LinkClicked\" \"FormSubmitted\" \"BackOrForward\" \"Reload\" \"FormResubmitted\" \"Other\"","         * @param boolean willNavigate  true if the navigation is not locked","         * @param boolean isMainFrame true if it comes from the mainFrame","         */","","        navigationRequested: function(url, navigationType, willNavigate, isMainFrame) {","            if (DEBUG_WEBPAGE_LOADING) {","                slDebugLog(\"webpage: onNavigationRequested url:\"+url+\" navigationType:\"+navigationType+\" willNavigate:\"+willNavigate+\" isMainFrame:\"+isMainFrame);","            }","            executePageListener(this, 'onNavigationRequested', [url, navigationType, willNavigate, isMainFrame]);","        },","","        rawPageCreated: function(page) {","            executePageListener(this, 'onPageCreated', [page]);","        },","","        resourceError: function(error) {","            if (DEBUG_WEBPAGE_LOADING) {","                slDebugLog(\"webpage: onResourceError error:\"+slDebugGetObject(error));","            }","            executePageListener(this, 'onResourceError', [error]);","        },","","        resourceTimeout: function(error) {","            if (DEBUG_WEBPAGE_LOADING) {","                slDebugLog(\"webpage: onResourceTimeout error:\"+slDebugGetObject(error));","            }","            executePageListener(this, 'onResourceTimeout', [error]);","        },","","        resourceReceived: function(resource) {","            if (DEBUG_WEBPAGE_LOADING) {","                slDebugLog(\"webpage: onResourceReceived resource:\"+slDebugGetObject(resource, ['body']));","            }","","            executePageListener(this, 'onResourceReceived', [resource])","        },","","        resourceRequested: function(resource, request) {","            if (DEBUG_WEBPAGE_LOADING) {","                slDebugLog(\"webpage: onResourceRequested resource:\"+slDebugGetObject(resource));","            }","            executePageListener(this, 'onResourceRequested', [resource, request]);","        },","","        urlChanged: function(url) {","            if (DEBUG_WEBPAGE_LOADING) {","                slDebugLog(\"webpage: onUrlChanged url:\"+url);","            }","            webPageSandbox = null;","            executePageListener(this, 'onUrlChanged', [url]);","        },","","        fileDownload : function(url, responseData) {","            if (DEBUG_WEBPAGE_LOADING) {","                slDebugLog(\"webpage: onFileDownload \"+url);","            }","            return executePageListener(this, 'onFileDownload', [url, responseData]);","        },","","        fileDownloadError : function(message) {","            if (DEBUG_WEBPAGE_LOADING) {","                slDebugLog(\"webpage: onFileDownloadError: \"+message);","            }","            executePageListener(this, 'onFileDownloadError', [message]);","        }","    };","","    function executePageListener(page, listener, args) {","        if (page[listener]) {","            try {","                return page[listener].apply(page, args);","            } catch(e) {","                console.log(\"Error \"+listener+\": [\"+e.name+\"] \"+e.message+\" (\"+e.fileName+\" ; line:\"+e.lineNumber+\" col:\"+e.columnNumber+\")\");","            }","        }","    }","","    // initialization","    return openBlankBrowser(false);","} // end of _create","",""],"l":{"6":2,"7":0,"8":0,"9":0,"10":0,"11":0,"12":0,"13":0,"14":0,"15":0,"16":0,"17":0,"18":0,"22":0,"23":0,"25":0,"26":0,"27":0,"28":0,"29":0,"31":0,"32":0,"38":1,"39":0,"40":0,"42":0,"47":1,"54":0,"56":0,"60":0,"66":1,"67":0,"74":0,"77":0,"85":1,"86":0,"87":0,"89":0,"90":0,"91":0,"93":0,"94":0,"98":0,"99":0,"101":0,"104":0,"105":0,"106":0,"107":0,"110":0,"119":0,"123":0,"124":0,"125":0,"128":0,"129":0,"130":0,"131":0,"132":0,"134":0,"141":0,"143":0,"151":0,"154":0,"155":0,"156":0,"157":0,"162":0,"163":0,"169":0,"170":0,"178":0,"180":0,"182":0,"189":1,"190":0,"191":0,"192":0,"194":0,"195":0,"196":0,"197":0,"198":0,"199":0,"202":0,"203":0,"205":0,"206":0,"210":0,"213":0,"216":0,"219":0,"222":0,"225":0,"226":0,"228":0,"231":0,"232":0,"234":0,"238":0,"239":0,"241":0,"242":0,"245":0,"249":0,"250":0,"254":0,"255":0,"257":0,"258":0,"259":0,"261":0,"262":0,"265":0,"266":0,"268":0,"269":0,"272":0,"273":0,"275":0,"276":0,"284":0,"287":0,"289":0,"290":0,"304":0,"305":0,"306":0,"307":0,"308":0,"311":0,"312":0,"313":0,"318":0,"320":0,"321":0,"325":0,"330":0,"334":0,"338":0,"345":0,"355":0,"356":0,"357":0,"359":0,"360":0,"361":0,"364":1,"365":0,"366":0,"367":0,"368":0,"369":0,"370":0,"371":0,"372":0,"373":0,"374":0,"377":0,"379":0,"380":0,"381":0,"382":0,"383":0,"384":0,"385":0,"388":0,"389":0,"393":0,"395":0,"401":1,"402":0,"403":0,"404":0,"405":0,"406":0,"407":0,"408":0,"409":0,"410":0,"411":0,"412":0,"413":0,"414":0,"417":0,"424":0,"425":0,"426":0,"428":0,"431":1,"433":0,"437":0,"440":0,"442":0,"443":0,"445":0,"446":0,"450":0,"452":0,"454":0,"458":0,"467":0,"478":0,"499":0,"503":0,"526":0,"527":0,"528":0,"536":0,"537":0,"538":0,"547":0,"548":0,"549":0,"556":0,"557":0,"567":0,"568":0,"569":0,"575":0,"579":0,"583":0,"584":0,"585":0,"586":0,"587":0,"591":0,"595":0,"601":0,"605":0,"634":0,"636":0,"637":0,"639":0,"640":0,"643":0,"645":0,"647":0,"648":0,"651":0,"656":0,"658":0,"662":0,"664":0,"669":0,"671":0,"688":0,"689":0,"692":0,"693":0,"697":0,"698":0,"703":0,"706":0,"707":0,"708":0,"709":0,"710":0,"711":0,"714":0,"717":0,"720":0,"722":0,"723":0,"724":0,"725":0,"729":0,"730":0,"731":0,"732":0,"740":0,"745":0,"763":0,"767":0,"768":0,"770":0,"771":0,"772":0,"773":0,"776":0,"777":0,"780":0,"781":0,"782":0,"783":0,"784":0,"785":0,"786":0,"787":0,"788":0,"791":0,"793":0,"800":0,"801":0,"802":0,"803":0,"805":0,"806":0,"808":0,"809":0,"810":0,"811":0,"812":0,"813":0,"816":0,"817":0,"818":0,"819":0,"843":0,"844":0,"845":0,"846":0,"848":0,"849":0,"850":0,"867":0,"881":0,"885":0,"889":0,"890":0,"891":0,"892":0,"896":0,"897":0,"901":0,"902":0,"903":0,"907":0,"908":0,"912":0,"913":0,"921":0,"922":0,"924":0,"926":0,"927":0,"929":0,"930":0,"932":0,"933":0,"935":0,"936":0,"939":0,"940":0,"942":0,"943":0,"945":0,"947":0,"949":0,"950":0,"952":0,"953":0,"957":0,"958":0,"959":0,"965":0,"969":0,"973":0,"977":0,"978":0,"979":0,"981":0,"985":0,"986":0,"988":0,"989":0,"990":0,"991":0,"995":0,"996":0,"997":0,"999":0,"1003":0,"1004":0,"1005":0,"1007":0,"1011":0,"1012":0,"1013":0,"1015":0,"1016":0,"1017":0,"1019":0,"1023":0,"1024":0,"1026":0,"1027":0,"1028":0,"1029":0,"1030":0,"1031":0,"1032":0,"1035":0,"1036":0,"1037":0,"1038":0,"1039":0,"1040":0,"1041":0,"1044":0,"1045":0,"1047":0,"1049":0,"1050":0,"1054":0,"1055":0,"1056":0,"1057":0,"1058":0,"1060":0,"1064":0,"1068":0,"1072":0,"1073":0,"1074":0,"1077":0,"1081":0,"1082":0,"1083":0,"1085":0,"1089":0,"1090":0,"1091":0,"1094":0,"1096":0,"1098":0,"1100":0,"1102":0,"1103":0,"1104":0,"1107":0,"1108":0,"1111":0,"1112":0,"1113":0,"1117":0,"1118":0,"1119":0,"1122":0,"1126":0,"1127":0,"1128":0,"1130":0,"1152":0,"1153":0,"1155":0,"1156":0,"1157":0,"1159":0,"1163":0,"1164":0,"1166":0,"1175":0,"1176":0,"1179":0,"1180":0,"1181":0,"1184":0,"1185":0,"1187":0,"1188":0,"1193":0,"1194":0,"1195":0,"1196":0,"1197":0,"1199":0,"1203":0,"1204":0,"1205":0,"1209":0,"1222":0,"1223":0,"1225":0,"1226":0,"1228":0,"1229":0,"1230":0,"1231":0,"1234":0,"1235":0,"1236":0,"1245":0,"1253":0,"1254":0,"1256":0,"1261":0,"1265":0,"1269":0,"1273":0,"1274":0,"1276":0,"1282":0,"1283":0,"1285":0,"1286":0,"1287":0,"1290":0,"1291":0,"1292":0,"1293":0,"1294":0,"1295":0,"1296":0,"1297":0,"1300":0,"1302":0,"1303":0,"1304":0,"1305":0,"1306":0,"1307":0,"1310":0,"1311":0,"1312":0,"1314":0,"1315":0,"1317":0,"1318":0,"1320":0,"1321":0,"1322":0,"1323":0,"1324":0,"1325":0,"1327":0,"1329":0,"1330":0,"1331":0,"1332":0,"1333":0,"1335":0,"1338":0,"1339":0,"1341":0,"1342":0,"1343":0,"1344":0,"1345":0,"1346":0,"1349":0,"1352":0,"1353":0,"1354":0,"1355":0,"1356":0,"1358":0,"1359":0,"1361":0,"1362":0,"1366":0,"1369":0,"1371":0,"1372":0,"1374":0,"1378":0,"1380":0,"1381":0,"1383":0,"1384":0,"1386":0,"1388":0,"1390":0,"1392":0,"1393":0,"1395":0,"1396":0,"1398":0,"1400":0,"1401":0,"1404":0,"1419":0,"1420":0,"1422":0,"1426":0,"1427":0,"1429":0,"1430":0,"1431":0,"1432":0,"1434":0,"1437":0,"1440":0,"1442":0,"1444":0,"1446":0,"1447":0,"1448":0,"1451":0,"1453":0,"1456":0,"1457":0,"1458":0,"1469":0,"1470":0,"1473":0,"1474":0,"1475":0,"1478":0,"1479":0,"1480":0,"1484":0,"1485":0,"1486":0,"1488":0,"1490":0,"1491":0,"1492":0,"1493":0,"1494":0,"1495":0,"1502":0,"1503":0,"1505":0,"1508":0,"1509":0,"1510":0,"1511":0,"1513":0,"1514":0,"1515":0,"1518":0,"1528":0,"1529":0,"1530":0,"1533":0,"1536":0,"1541":0,"1546":0,"1551":0,"1555":0,"1556":0,"1559":0,"1576":0,"1579":0,"1582":0,"1583":0,"1584":0,"1587":0,"1588":0,"1589":0,"1590":0,"1593":0,"1597":0,"1598":0,"1600":0,"1602":0,"1603":0,"1604":0,"1605":0,"1606":0,"1607":0,"1609":0,"1612":0,"1616":0,"1617":0,"1618":0,"1619":0,"1620":0,"1622":0,"1625":0,"1626":0,"1627":0,"1630":0,"1631":0,"1632":0,"1635":0,"1636":0,"1639":0,"1640":0,"1642":0,"1647":0,"1648":0,"1649":0,"1650":0,"1651":0,"1655":0,"1656":0,"1657":0,"1658":0,"1659":0,"1661":0,"1664":0,"1665":0,"1666":0,"1668":0,"1671":0,"1672":0,"1674":0,"1679":0,"1680":0,"1681":0,"1683":0,"1686":0,"1741":0,"1745":0,"1746":0,"1747":0,"1748":0,"1749":0,"1751":0,"1752":0,"1754":0,"1758":0,"1762":0,"1766":0,"1767":0,"1768":0,"1769":0,"1771":0,"1775":0,"1776":0,"1777":0,"1779":0,"1791":0,"1792":0,"1794":0,"1798":0,"1802":0,"1803":0,"1805":0,"1809":0,"1810":0,"1812":0,"1816":0,"1817":0,"1820":0,"1824":0,"1825":0,"1827":0,"1831":0,"1832":0,"1834":0,"1835":0,"1839":0,"1840":0,"1842":0,"1846":0,"1847":0,"1849":0,"1853":1,"1854":0,"1855":0,"1856":0,"1858":0,"1864":0}}}